This is pdfTeXk, Version 3.141592-1.40.3 (Web2C 7.5.6) (format=pdflatex 2009.4.10)  10 APR 2009 19:15
entering extended mode
 %&-line parsing enabled.
**balancing.tex
(./balancing.tex
LaTeX2e <2005/12/01>
Babel <v3.8h> and hyphenation patterns for english, usenglishmax, dumylang, noh
yphenation, croatian, ukrainian, russian, bulgarian, czech, slovak, danish, dut
ch, finnish, basque, french, german, ngerman, ibycus, greek, monogreek, ancient
greek, hungarian, italian, latin, mongolian, norsk, icelandic, interlingua, tur
kish, coptic, romanian, welsh, serbian, slovenian, estonian, esperanto, upperso
rbian, indonesian, polish, portuguese, spanish, catalan, galician, swedish, loa
ded.
(./svjour3.cls
Document Class: svjour3 2007/05/08 v3.2 
LaTeX document class for Springer journals
Class Springer-SVJour3 Info: extra/valid Springer sub-package (-> *.clo) 
(Springer-SVJour3)           not found in option list of \documentclass
(Springer-SVJour3)           - autoactivating "global" style.
(./svglov3.clo
File: svglov3.clo 2006/02/03 v3.1 style option for standardised journals

SVJour Class option: svglov3.clo for standardised journals

LaTeX Font Warning: Font shape `OT1/cmr/m/n' in size <9.5> not available
(Font)              size <9> substituted on input line 45.

)
LaTeX Font Info:    Redeclaring math symbol \Gamma on input line 147.
LaTeX Font Info:    Redeclaring math symbol \Delta on input line 148.
LaTeX Font Info:    Redeclaring math symbol \Theta on input line 149.
LaTeX Font Info:    Redeclaring math symbol \Lambda on input line 150.
LaTeX Font Info:    Redeclaring math symbol \Xi on input line 151.
LaTeX Font Info:    Redeclaring math symbol \Pi on input line 152.
LaTeX Font Info:    Redeclaring math symbol \Sigma on input line 153.
LaTeX Font Info:    Redeclaring math symbol \Upsilon on input line 154.
LaTeX Font Info:    Redeclaring math symbol \Phi on input line 155.
LaTeX Font Info:    Redeclaring math symbol \Psi on input line 156.
LaTeX Font Info:    Redeclaring math symbol \Omega on input line 157.
\logodepth=\dimen102
\headerboxheight=\dimen103
\betweenumberspace=\dimen104
\aftertext=\dimen105
\headlineindent=\dimen106
\c@inst=\count79
\c@auth=\count80
\instindent=\dimen107
\authrun=\box26
\authorrunning=\toks14
\titrun=\box27
\titlerunning=\toks15
\combirun=\box28
\c@lastpage=\count81
\rubricwidth=\dimen108
\c@section=\count82
\c@subsection=\count83
\c@subsubsection=\count84
\c@paragraph=\count85
\c@subparagraph=\count86
\spthmsep=\dimen109
\c@theorem=\count87
\c@case=\count88
\c@conjecture=\count89
\c@corollary=\count90
\c@definition=\count91
\c@example=\count92
\c@exercise=\count93
\c@lemma=\count94
\c@note=\count95
\c@problem=\count96
\c@property=\count97
\c@proposition=\count98
\c@question=\count99
\c@solution=\count100
\c@remark=\count101
\c@figure=\count102
\c@table=\count103
\abovecaptionskip=\skip41
\belowcaptionskip=\skip42
\figcapgap=\dimen110
\tabcapgap=\dimen111
\figgap=\dimen112
\bibindent=\dimen113
\@tempcntc=\count104
) (/usr/share/texmf-texlive/tex/latex/graphics/graphicx.sty
Package: graphicx 1999/02/16 v1.0f Enhanced LaTeX Graphics (DPC,SPQR)

(/usr/share/texmf-texlive/tex/latex/graphics/keyval.sty
Package: keyval 1999/03/16 v1.13 key=value parser (DPC)
\KV@toks@=\toks16
)
(/usr/share/texmf-texlive/tex/latex/graphics/graphics.sty
Package: graphics 2006/02/20 v1.0o Standard LaTeX Graphics (DPC,SPQR)

(/usr/share/texmf-texlive/tex/latex/graphics/trig.sty
Package: trig 1999/03/16 v1.09 sin cos tan (DPC)
)
(/etc/texmf/tex/latex/config/graphics.cfg
File: graphics.cfg 2007/01/18 v1.5 graphics configuration of teTeX/TeXLive
)
Package graphics Info: Driver file: pdftex.def on input line 90.

(/usr/share/texmf-texlive/tex/latex/pdftex-def/pdftex.def
File: pdftex.def 2007/01/08 v0.04d Graphics/color for pdfTeX
\Gread@gobject=\count105
))
\Gin@req@height=\dimen114
\Gin@req@width=\dimen115
)
(/usr/share/texmf-texlive/tex/latex/base/inputenc.sty
Package: inputenc 2006/05/05 v1.1b Input encoding file
\inpenc@prehook=\toks17
\inpenc@posthook=\toks18

(/usr/share/texmf-texlive/tex/latex/base/latin1.def
File: latin1.def 2006/05/05 v1.1b Input encoding file
))
(/usr/share/texmf-texlive/tex/latex/algorithms/algorithmic.sty
Package: algorithmic 2006/06/02

Document Style `algorithmic' - environment
(/usr/share/texmf-texlive/tex/latex/base/ifthen.sty
Package: ifthen 2001/05/26 v1.1c Standard LaTeX ifthen package (DPC)
)
(/usr/share/texmf-texlive/tex/latex/tools/calc.sty
Package: calc 2005/08/06 v4.2 Infix arithmetic (KKT,FJ)
\calc@Acount=\count106
\calc@Bcount=\count107
\calc@Adimen=\dimen116
\calc@Bdimen=\dimen117
\calc@Askip=\skip43
\calc@Bskip=\skip44
LaTeX Info: Redefining \setlength on input line 75.
LaTeX Info: Redefining \addtolength on input line 76.
\calc@Ccount=\count108
\calc@Cskip=\skip45
)
\c@ALC@line=\count109
\c@ALC@rem=\count110
\c@ALC@depth=\count111
\ALC@tlm=\skip46
\algorithmicindent=\skip47
)
(/usr/share/texmf-texlive/tex/latex/algorithms/algorithm.sty
Package: algorithm 

Document Style `algorithm' - floating environment
(/usr/share/texmf-texlive/tex/latex/float/float.sty
Package: float 2001/11/08 v1.3d Float enhancements (AL)
\c@float@type=\count112
\float@exts=\toks19
\float@box=\box29
\@float@everytoks=\toks20
\@floatcapt=\box30
)
\@float@every@algorithm=\toks21
\c@algorithm=\count113
) (./balancing.aux

LaTeX Warning: Label `alg:ggp:sortregions' multiply defined.

)
\openout1 = `balancing.aux'.

LaTeX Font Info:    Checking defaults for OML/cmm/m/it on input line 90.
LaTeX Font Info:    ... okay on input line 90.
LaTeX Font Info:    Checking defaults for T1/cmr/m/n on input line 90.
LaTeX Font Info:    ... okay on input line 90.
LaTeX Font Info:    Checking defaults for OT1/cmr/m/n on input line 90.
LaTeX Font Info:    ... okay on input line 90.
LaTeX Font Info:    Checking defaults for OMS/cmsy/m/n on input line 90.
LaTeX Font Info:    ... okay on input line 90.
LaTeX Font Info:    Checking defaults for OMX/cmex/m/n on input line 90.
LaTeX Font Info:    ... okay on input line 90.
LaTeX Font Info:    Checking defaults for U/cmr/m/n on input line 90.
LaTeX Font Info:    ... okay on input line 90.

Unknown journal: specify \journalname{<name of your journal>} in preambel

SVJour3 warning: Missing \journalname

LaTeX Font Warning: Font shape `OT1/cmr/bx/n' in size <9.5> not available
(Font)              size <9> substituted on input line 123.


LaTeX Font Warning: Font shape `OT1/cmr/m/n' in size <13> not available
(Font)              size <12> substituted on input line 123.


LaTeX Font Warning: Font shape `OT1/cmr/bx/n' in size <13> not available
(Font)              size <12> substituted on input line 123.

LaTeX Font Info:    Calculating math sizes for size <9.5> on input line 123.

LaTeX Font Warning: Font shape `OML/cmm/m/it' in size <9.5> not available
(Font)              size <9> substituted on input line 123.


LaTeX Font Warning: Font shape `OMS/cmsy/m/n' in size <9.5> not available
(Font)              size <9> substituted on input line 123.

LaTeX Font Info:    External font `cmex10' loaded for size
(Font)              <9.5> on input line 123.
LaTeX Font Info:    External font `cmex10' loaded for size
(Font)              <6.64996> on input line 123.
LaTeX Font Info:    External font `cmex10' loaded for size
(Font)              <4.75> on input line 123.

LaTeX Font Warning: Font shape `OML/cmm/b/it' in size <9.5> not available
(Font)              size <9> substituted on input line 123.


LaTeX Font Warning: Font shape `OMS/cmsy/b/n' in size <9.5> not available
(Font)              size <9> substituted on input line 123.

LaTeX Font Info:    External font `cmex10' loaded for size
(Font)              <8> on input line 123.
LaTeX Font Info:    External font `cmex10' loaded for size
(Font)              <6> on input line 123.
LaTeX Font Info:    External font `cmex10' loaded for size
(Font)              <5> on input line 123.
<images/quadratic.pdf, id=1, 467.7475pt x 363.3575pt>
File: images/quadratic.pdf Graphic file (type pdf)

<use images/quadratic.pdf> [1{/var/lib/texmf/fonts/map/pdftex/updmap/pdftex.map
}]

LaTeX Font Warning: Font shape `OT1/cmr/m/it' in size <9.5> not available
(Font)              size <9> substituted on input line 153.

<images/avatarsdistribution.pdf, id=14, 596.2275pt x 246.9225pt>
File: images/avatarsdistribution.pdf Graphic file (type pdf)

<use images/avatarsdistribution.pdf>
Underfull \hbox (badness 10000) has occurred while \output is active
[][]
 []

[2 <./images/quadratic.pdf>]
<images/overheadgeneration.pdf, id=23, 582.175pt x 263.98625pt>
File: images/overheadgeneration.pdf Graphic file (type pdf)

<use images/overheadgeneration.pdf> [3 <./images/avatarsdistribution.pdf> <./im
ages/overheadgeneration.pdf>]
Underfull \hbox (badness 10000) has occurred while \output is active
[][]
 []

[4] [5] <images/macromicro.pdf, id=46, 533.995pt x 534.99875pt>
File: images/macromicro.pdf Graphic file (type pdf)

<use images/macromicro.pdf>
Underfull \hbox (badness 10000) has occurred while \output is active
[][]
 []

[6 <./images/macromicro.pdf>]
<images/localselection.pdf, id=56, 700.6175pt x 999.735pt>
File: images/localselection.pdf Graphic file (type pdf)

<use images/localselection.pdf>
Overfull \hbox (13.87767pt too wide) in paragraph at lines 245--246
 [][] 
 []

[7]
Underfull \hbox (badness 10000) has occurred while \output is active
[][]
 []

[8 <./images/localselection.pdf>] [9]
Underfull \hbox (badness 10000) has occurred while \output is active
[][]
 []

[10] <images/interactingregions.pdf, id=78, 469.755pt x 464.73625pt>
File: images/interactingregions.pdf Graphic file (type pdf)

<use images/interactingregions.pdf> [11]
<images/mapping.pdf, id=82, 1310.8975pt x 750.805pt>
File: images/mapping.pdf Graphic file (type pdf)
 <use images/mapping.pdf>
Underfull \hbox (badness 10000) has occurred while \output is active
[][]
 []

[12 <./images/interactingregions.pdf>] [13 <./images/mapping.pdf>]
Underfull \hbox (badness 10000) has occurred while \output is active
[][]
 []

[14] [15] <images/ggp.pdf, id=109, 565.11125pt x 791.95876pt>
File: images/ggp.pdf Graphic file (type pdf)

<use images/ggp.pdf>
Underfull \hbox (badness 10000) has occurred while \output is active
[][]
 []

[16 <./images/ggp.pdf>]
<images/compressed.pdf, id=116, 550.055pt x 422.57875pt>
File: images/compressed.pdf Graphic file (type pdf)

<use images/compressed.pdf> [17 <./images/compressed.pdf>]
Underfull \hbox (badness 5147) in paragraph at lines 632--633
[] []$\OML/cmm/m/it/8 C \OMS/cmsy/m/n/8  $ \OT1/cmr/m/n/8 cell from $\OML/cmm/m
/it/8 R[]$ \OT1/cmr/m/n/8 with weight clos-est to, but not larger than,
 []


Underfull \hbox (badness 10000) has occurred while \output is active
[][]
 []

[18] [19]
Underfull \hbox (badness 10000) has occurred while \output is active
[][]
 []

[20] <images/baloverall_ah.pdf, id=135, 361.35pt x 252.945pt>
File: images/baloverall_ah.pdf Graphic file (type pdf)

<use images/baloverall_ah.pdf> [21 <./images/baloverall_ah.pdf>]
<images/baloverhead_ah.pdf, id=143, 361.35pt x 252.945pt>
File: images/baloverhead_ah.pdf Graphic file (type pdf)

<use images/baloverhead_ah.pdf>
<images/balmigxtb_ah.pdf, id=144, 361.35pt x 252.945pt>
File: images/balmigxtb_ah.pdf Graphic file (type pdf)

<use images/balmigxtb_ah.pdf>
Underfull \hbox (badness 10000) has occurred while \output is active
[][]
 []

[22 <./images/baloverhead_ah.pdf>]
<images/baldeviation_ah.pdf, id=152, 361.35pt x 252.945pt>
File: images/baldeviation_ah.pdf Graphic file (type pdf)

<use images/baldeviation_ah.pdf>
Underfull \vbox (badness 1275) has occurred while \output is active []

 [23 <./images/balmigxtb_ah.pdf>]
Underfull \hbox (badness 10000) has occurred while \output is active
[][]
 []

[24 <./images/baldeviation_ah.pdf>] (./balancing.bbl
Underfull \hbox (badness 10000) in paragraph at lines 17--20
[]\OT1/cmr/m/n/8 Feng, W.: What's Next for Net-worked Games? (2007).  Avail-abl
e at:
 []


Underfull \hbox (badness 10000) in paragraph at lines 82--84
[]\OT1/cmr/m/n/8 Microsoft: Age of em-pires (1997).  Avail-able at:
 []

) [25] (./balancing.aux)

LaTeX Font Warning: Size substitutions with differences
(Font)              up to 1.0pt have occurred.


LaTeX Warning: There were multiply-defined labels.

 ) 
Here is how much of TeX's memory you used:
 1460 strings out of 94101
 18371 string characters out of 1165810
 80954 words of memory out of 1500000
 4739 multiletter control sequences out of 10000+50000
 10391 words of font info for 36 fonts, out of 1200000 for 2000
 637 hyphenation exceptions out of 8191
 25i,8n,20p,1273b,641s stack positions out of 5000i,500n,6000p,200000b,5000s
</usr/share/texmf-texlive/fonts/type1/bluesky/cm/cmbsy10.pfb></usr/share/texm
f-texlive/fonts/type1/bluesky/cm/cmbx12.pfb></usr/share/texmf-texlive/fonts/typ
e1/bluesky/cm/cmbx8.pfb></usr/share/texmf-texlive/fonts/type1/bluesky/cm/cmbx9.
pfb></usr/share/texmf-texlive/fonts/type1/bluesky/cm/cmex10.pfb></usr/share/tex
mf-texlive/fonts/type1/bluesky/cm/cmmi5.pfb></usr/share/texmf-texlive/fonts/typ
e1/bluesky/cm/cmmi6.pfb></usr/share/texmf-texlive/fonts/type1/bluesky/cm/cmmi7.
pfb></usr/share/texmf-texlive/fonts/type1/bluesky/cm/cmmi8.pfb></usr/share/texm
f-texlive/fonts/type1/bluesky/cm/cmmi9.pfb></usr/share/texmf-texlive/fonts/type
1/bluesky/cm/cmr6.pfb></usr/share/texmf-texlive/fonts/type1/bluesky/cm/cmr7.pfb
></usr/share/texmf-texlive/fonts/type1/bluesky/cm/cmr8.pfb></usr/share/texmf-te
xlive/fonts/type1/bluesky/cm/cmr9.pfb></usr/share/texmf-texlive/fonts/type1/blu
esky/cm/cmsy5.pfb></usr/share/texmf-texlive/fonts/type1/bluesky/cm/cmsy7.pfb></
usr/share/texmf-texlive/fonts/type1/bluesky/cm/cmsy8.pfb></usr/share/texmf-texl
ive/fonts/type1/bluesky/cm/cmsy9.pfb></usr/share/texmf-texlive/fonts/type1/blue
sky/cm/cmti9.pfb>
Output written on balancing.pdf (25 pages, 593174 bytes).
PDF statistics:
 232 PDF objects out of 1000 (max. 8388607)
 0 named destinations out of 1000 (max. 131072)
 66 words of extra memory for PDF output out of 10000 (max. 10000000)

