This is pdfTeX, Version 3.141592-1.40.4 (MiKTeX 2.6) (preloaded format=pdflatex 2007.12.12)  14 DEC 2007 04:20
entering extended mode
**F:/svn/trunk/textos/TI/latex/ti_monografia.tex
(F:\svn\trunk\textos\TI\latex\ti_monografia.tex
LaTeX2e <2005/12/01>
Babel <v3.8g> and hyphenation patterns for english, dumylang, nohyphenation, ge
rman, ngerman, french, loaded.
(iiufrgs.cls
Document Class: iiufrgs 2005/01/14 v4.3.1 Formatacao de documentos para o II/UF
RGS
("C:\Arquivos de programas\MiKTeX 2.6\tex\latex\base\report.cls"
Document Class: report 2005/09/16 v1.4f Standard LaTeX document class
("C:\Arquivos de programas\MiKTeX 2.6\tex\latex\base\size12.clo"
File: size12.clo 2005/09/16 v1.4f Standard LaTeX file (size option)
)
\c@part=\count79
\c@chapter=\count80
\c@section=\count81
\c@subsection=\count82
\c@subsubsection=\count83
\c@paragraph=\count84
\c@subparagraph=\count85
\c@figure=\count86
\c@table=\count87
\abovecaptionskip=\skip41
\belowcaptionskip=\skip42
\bibindent=\dimen102
)
("C:\Arquivos de programas\MiKTeX 2.6\tex\generic\babel\babel.sty"
Package: babel 2005/05/21 v3.8g The Babel package

*************************************
* Local config file bblopts.cfg used
*
("C:\Arquivos de programas\MiKTeX 2.6\tex\latex\00miktex\bblopts.cfg"
File: bblopts.cfg 2006/07/31 v1.0 MiKTeX 'babel' configuration
)
("C:\Arquivos de programas\MiKTeX 2.6\tex\generic\babel\english.ldf"
Language: english 2005/03/30 v3.3o English support from the babel system

("C:\Arquivos de programas\MiKTeX 2.6\tex\generic\babel\babel.def"
File: babel.def 2005/05/21 v3.8g Babel common definitions
\babel@savecnt=\count88
\U@D=\dimen103
)
\l@british = a dialect from \language\l@english 
\l@UKenglish = a dialect from \language\l@english 
\l@canadian = a dialect from \language\l@american 
\l@australian = a dialect from \language\l@british 
\l@newzealand = a dialect from \language\l@british 
)
("C:\Arquivos de programas\MiKTeX 2.6\tex\generic\babel\portuges.ldf"
Language: portuges 2005/03/31 v1.2p Portuguese support from the babel system


Package babel Warning: No hyphenation patterns were loaded for
(babel)                the language `Portuguese'
(babel)                I will use the patterns loaded for \language=0 instead.

\l@portuges = a dialect from \language0
\l@brazilian = a dialect from \language\l@portuges 
Package babel Info: Making " an active character on input line 145.
)) (brazilian.babel) (english.babel)
("C:\Arquivos de programas\MiKTeX 2.6\tex\latex\lastpage\lastpage.sty"
Package: lastpage 1994/06/25 v0.1b LaTeX2e package for refs to last page number
 (JPG)
)
("C:\Arquivos de programas\MiKTeX 2.6\tex\latex\tools\indentfirst.sty"
Package: indentfirst 1995/11/23 v1.03 Indent first paragraph (DPC)
)
(iidefs.sty
Package: iidefs 

("C:\Arquivos de programas\MiKTeX 2.6\tex\latex\graphics\graphicx.sty"
Package: graphicx 1999/02/16 v1.0f Enhanced LaTeX Graphics (DPC,SPQR)

("C:\Arquivos de programas\MiKTeX 2.6\tex\latex\graphics\keyval.sty"
Package: keyval 1999/03/16 v1.13 key=value parser (DPC)
\KV@toks@=\toks14
)
("C:\Arquivos de programas\MiKTeX 2.6\tex\latex\graphics\graphics.sty"
Package: graphics 2006/02/20 v1.0o Standard LaTeX Graphics (DPC,SPQR)

("C:\Arquivos de programas\MiKTeX 2.6\tex\latex\graphics\trig.sty"
Package: trig 1999/03/16 v1.09 sin cos tan (DPC)
)
("C:\Arquivos de programas\MiKTeX 2.6\tex\latex\00miktex\graphics.cfg"
File: graphics.cfg 2007/01/18 v1.5 graphics configuration of teTeX/TeXLive
)
Package graphics Info: Driver file: pdftex.def on input line 90.

("C:\Arquivos de programas\MiKTeX 2.6\tex\latex\graphics\pdftex.def"
File: pdftex.def 2007/06/12 v0.04h Graphics/color for pdfTeX
\Gread@gobject=\count89
))
\Gin@req@height=\dimen104
\Gin@req@width=\dimen105
))
("C:\Arquivos de programas\MiKTeX 2.6\tex\latex\natbib\natbib.sty"
Package: natbib 2007/10/30 8.1 (PWD)
\bibhang=\skip43
\bibsep=\skip44
LaTeX Info: Redefining \cite on input line 602.
\c@NAT@ctr=\count90
)
\ii@topmargin=\skip45
\ii@pagenummargin=\skip46
\ii@bottommargin=\skip47
\ii@sidemargin=\skip48
\c@ii@authorcount=\count91
\c@kwcounter=\count92
\titlepagewinwidth=\skip49
\titlepagewinheight=\skip50
\titlepagewinvoffset=\skip51
\ii@chapnumindent=\skip52
) (ti.def
File: ti.def 2002/12/12 Trabalho Individual
)
("C:\Arquivos de programas\MiKTeX 2.6\tex\latex\base\fontenc.sty"
Package: fontenc 2005/09/27 v1.99g Standard LaTeX package

("C:\Arquivos de programas\MiKTeX 2.6\tex\latex\base\t1enc.def"
File: t1enc.def 2005/09/27 v1.99g Standard LaTeX file
LaTeX Font Info:    Redeclaring font encoding T1 on input line 43.
))
("C:\Arquivos de programas\MiKTeX 2.6\tex\latex\base\inputenc.sty"
Package: inputenc 2006/05/05 v1.1b Input encoding file
\inpenc@prehook=\toks15
\inpenc@posthook=\toks16

("C:\Arquivos de programas\MiKTeX 2.6\tex\latex\base\latin1.def"
File: latin1.def 2006/05/05 v1.1b Input encoding file
))
("C:\Arquivos de programas\MiKTeX 2.6\tex\latex\psnfss\times.sty"
Package: times 2005/04/12 PSNFSS-v9.2a (SPQR) 
)
("C:\Arquivos de programas\MiKTeX 2.6\tex\latex\psnfss\mathptmx.sty"
Package: mathptmx 2005/04/12 PSNFSS-v9.2a Times w/ Math, improved (SPQR, WaS) 
LaTeX Font Info:    Redeclaring symbol font `operators' on input line 28.
LaTeX Font Info:    Overwriting symbol font `operators' in version `normal'
(Font)                  OT1/cmr/m/n --> OT1/ztmcm/m/n on input line 28.
LaTeX Font Info:    Overwriting symbol font `operators' in version `bold'
(Font)                  OT1/cmr/bx/n --> OT1/ztmcm/m/n on input line 28.
LaTeX Font Info:    Redeclaring symbol font `letters' on input line 29.
LaTeX Font Info:    Overwriting symbol font `letters' in version `normal'
(Font)                  OML/cmm/m/it --> OML/ztmcm/m/it on input line 29.
LaTeX Font Info:    Overwriting symbol font `letters' in version `bold'
(Font)                  OML/cmm/b/it --> OML/ztmcm/m/it on input line 29.
LaTeX Font Info:    Redeclaring symbol font `symbols' on input line 30.
LaTeX Font Info:    Overwriting symbol font `symbols' in version `normal'
(Font)                  OMS/cmsy/m/n --> OMS/ztmcm/m/n on input line 30.
LaTeX Font Info:    Overwriting symbol font `symbols' in version `bold'
(Font)                  OMS/cmsy/b/n --> OMS/ztmcm/m/n on input line 30.
LaTeX Font Info:    Redeclaring symbol font `largesymbols' on input line 31.
LaTeX Font Info:    Overwriting symbol font `largesymbols' in version `normal'
(Font)                  OMX/cmex/m/n --> OMX/ztmcm/m/n on input line 31.
LaTeX Font Info:    Overwriting symbol font `largesymbols' in version `bold'
(Font)                  OMX/cmex/m/n --> OMX/ztmcm/m/n on input line 31.
\symbold=\mathgroup4
\symitalic=\mathgroup5
LaTeX Font Info:    Redeclaring math alphabet \mathbf on input line 34.
LaTeX Font Info:    Overwriting math alphabet `\mathbf' in version `normal'
(Font)                  OT1/cmr/bx/n --> OT1/ptm/bx/n on input line 34.
LaTeX Font Info:    Overwriting math alphabet `\mathbf' in version `bold'
(Font)                  OT1/cmr/bx/n --> OT1/ptm/bx/n on input line 34.
LaTeX Font Info:    Redeclaring math alphabet \mathit on input line 35.
LaTeX Font Info:    Overwriting math alphabet `\mathit' in version `normal'
(Font)                  OT1/cmr/m/it --> OT1/ptm/m/it on input line 35.
LaTeX Font Info:    Overwriting math alphabet `\mathit' in version `bold'
(Font)                  OT1/cmr/bx/it --> OT1/ptm/m/it on input line 35.
LaTeX Info: Redefining \hbar on input line 50.
)
(ti_monografia.aux (texto\01-resumo.aux) (texto\02-introducao.aux)
(texto\assiotis.aux) (texto\ng.aux) (texto\lee.aux) (texto\fahmy.aux)
(texto\conclusao.aux))
LaTeX Font Info:    Checking defaults for OML/cmm/m/it on input line 107.
LaTeX Font Info:    ... okay on input line 107.
LaTeX Font Info:    Checking defaults for T1/cmr/m/n on input line 107.
LaTeX Font Info:    ... okay on input line 107.
LaTeX Font Info:    Checking defaults for OT1/cmr/m/n on input line 107.
LaTeX Font Info:    ... okay on input line 107.
LaTeX Font Info:    Checking defaults for OMS/cmsy/m/n on input line 107.
LaTeX Font Info:    ... okay on input line 107.
LaTeX Font Info:    Checking defaults for OMX/cmex/m/n on input line 107.
LaTeX Font Info:    ... okay on input line 107.
LaTeX Font Info:    Checking defaults for U/cmr/m/n on input line 107.
LaTeX Font Info:    ... okay on input line 107.
LaTeX Font Info:    Try loading font information for T1+ptm on input line 107.

("C:\Arquivos de programas\MiKTeX 2.6\tex\latex\psnfss\t1ptm.fd"
File: t1ptm.fd 2001/06/04 font definitions for T1/ptm.
)
("C:\Arquivos de programas\MiKTeX 2.6\tex\context\base\supp-pdf.tex"
[Loading MPS to PDF converter (version 2006.09.02).]
\scratchcounter=\count93
\scratchdimen=\dimen106
\scratchbox=\box26
\nofMPsegments=\count94
\nofMParguments=\count95
\MPscratchCnt=\count96
\MPscratchDim=\dimen107
\MPnumerator=\count97
\everyMPtoPDFconversion=\toks17
)
\big@size=\dimen108
LaTeX Font Info:    Font shape `T1/ptm/bx/n' in size <14.4> not available
(Font)              Font shape `T1/ptm/b/n' tried instead on input line 113.

Underfull \hbox (badness 10000) in paragraph at lines 113--113

 []

[1

{psfonts.map}]
LaTeX Font Info:    Try loading font information for T1+phv on input line 130.
 ("C:\Arquivos de programas\MiKTeX 2.6\tex\latex\psnfss\t1phv.fd"
File: t1phv.fd 2001/06/04 scalable font definitions for T1/phv.
)
LaTeX Font Info:    Font shape `T1/phv/bx/n' in size <16> not available
(Font)              Font shape `T1/phv/b/n' tried instead on input line 130.
 (ti_monografia.toc
LaTeX Font Info:    Font shape `T1/ptm/bx/n' in size <12> not available
(Font)              Font shape `T1/ptm/b/n' tried instead on input line 2.
LaTeX Font Info:    Font shape `T1/phv/bx/n' in size <12> not available
(Font)              Font shape `T1/phv/b/n' tried instead on input line 2.

Underfull \hbox (badness 10000) in paragraph at lines 2--2
 []  
 []

LaTeX Font Info:    Try loading font information for OT1+ztmcm on input line 2.

("C:\Arquivos de programas\MiKTeX 2.6\tex\latex\psnfss\ot1ztmcm.fd"
File: ot1ztmcm.fd 2000/01/03 Fontinst v1.801 font definitions for OT1/ztmcm.
)
LaTeX Font Info:    Try loading font information for OML+ztmcm on input line 2.


("C:\Arquivos de programas\MiKTeX 2.6\tex\latex\psnfss\omlztmcm.fd"
File: omlztmcm.fd 2000/01/03 Fontinst v1.801 font definitions for OML/ztmcm.
)
LaTeX Font Info:    Try loading font information for OMS+ztmcm on input line 2.


("C:\Arquivos de programas\MiKTeX 2.6\tex\latex\psnfss\omsztmcm.fd"
File: omsztmcm.fd 2000/01/03 Fontinst v1.801 font definitions for OMS/ztmcm.
)
LaTeX Font Info:    Try loading font information for OMX+ztmcm on input line 2.


("C:\Arquivos de programas\MiKTeX 2.6\tex\latex\psnfss\omxztmcm.fd"
File: omxztmcm.fd 2000/01/03 Fontinst v1.801 font definitions for OMX/ztmcm.
)
LaTeX Font Info:    Try loading font information for OT1+ptm on input line 2.

("C:\Arquivos de programas\MiKTeX 2.6\tex\latex\psnfss\ot1ptm.fd"
File: ot1ptm.fd 2001/06/04 font definitions for OT1/ptm.
)
LaTeX Font Info:    Font shape `OT1/ptm/bx/n' in size <12> not available
(Font)              Font shape `OT1/ptm/b/n' tried instead on input line 2.
LaTeX Font Info:    Font shape `OT1/ptm/bx/n' in size <9> not available
(Font)              Font shape `OT1/ptm/b/n' tried instead on input line 2.
LaTeX Font Info:    Font shape `OT1/ptm/bx/n' in size <7> not available
(Font)              Font shape `OT1/ptm/b/n' tried instead on input line 2.

Underfull \hbox (badness 10000) in paragraph at lines 3--3
 []  
 []


Underfull \hbox (badness 10000) in paragraph at lines 4--4
 []  
 []


Underfull \hbox (badness 10000) in paragraph at lines 5--5
 []  
 []


Underfull \hbox (badness 10000) in paragraph at lines 6--6
 []  
 []


Underfull \hbox (badness 10000) in paragraph at lines 26--26
 []  
 []


Overfull \hbox (6.33589pt too wide) in paragraph at lines 26--26
 [][] []\T1/phv/b/n/12 UMA AR-QUITE-TURA MULTI-SERVIDOR PARA WALK-THROUGH VIR- 

 []


Underfull \hbox (badness 10000) in paragraph at lines 33--33
 []  
 []


Overfull \hbox (29.57843pt too wide) in paragraph at lines 33--33
 \T1/phv/b/n/12 SIS-TEMAS DE AM-BI-ENTE VIR-TUAL DIS-TRIBUÌDO EM MULTI-SERVIDOR
 
 []

[2


]
Underfull \hbox (badness 10000) in paragraph at lines 45--45
 []  
 []


Underfull \hbox (badness 10000) in paragraph at lines 55--55
 []  
 []


Underfull \hbox (badness 10000) in paragraph at lines 56--56
 []  
 []

)
\tf@toc=\write3
 [3] [4

] (ti_monografia.lof)
\tf@lof=\write4
 [5

] (texto\01-resumo.tex) [6


]
(texto\02-introducao.tex [7



])
Underfull \hbox (badness 10000) has occurred while \output is active
\T1/ptm/m/n/10.95 8
 []

[8] (texto\assiotis.tex
Overfull \hbox (2.45686pt too wide) in paragraph at lines 10--11
\T1/ptm/m/n/12 gador e um per-son-agem con-tro-lado por I.A. como NPC (non-play
er-character). Considere-
 []

[9



] <imagens/assiotis_AOI.JPG, id=35, 924.45375pt x 242.40562pt>
File: imagens/assiotis_AOI.JPG Graphic file (type jpg)

<use imagens/assiotis_AOI.JPG>
Underfull \hbox (badness 10000) has occurred while \output is active
\T1/ptm/m/n/10.95 10
 []

[10 <imagens/assiotis_AOI.JPG>] [11]
<imagens/assiotis_MULTI.JPG, id=43, 916.1728pt x 545.78906pt>
File: imagens/assiotis_MULTI.JPG Graphic file (type jpg)

<use imagens/assiotis_MULTI.JPG>
Underfull \hbox (badness 10000) has occurred while \output is active
\T1/ptm/m/n/10.95 12
 []

[12 <imagens/assiotis_MULTI.JPG>] [13]
Underfull \hbox (badness 10000) has occurred while \output is active
\T1/ptm/m/n/10.95 14
 []

[14] [15]
Underfull \hbox (badness 10000) has occurred while \output is active
\T1/ptm/m/n/10.95 16
 []

[16]) [17] (texto\ng.tex <imagens/NG_Z.JPG, id=63, 570.13pt x 214.8025pt>
File: imagens/NG_Z.JPG Graphic file (type jpg)

<use imagens/NG_Z.JPG>
LaTeX Font Info:    Try loading font information for OMS+ptm on input line 19.

("C:\Arquivos de programas\MiKTeX 2.6\tex\latex\psnfss\omsptm.fd"
File: omsptm.fd 
)
LaTeX Font Info:    Font shape `OMS/ptm/m/n' in size <12> not available
(Font)              Font shape `OMS/cmsy/m/n' tried instead on input line 19.

Underfull \hbox (badness 10000) has occurred while \output is active
\T1/ptm/m/n/10.95 18
 []

[18



 <imagens/NG_Z.JPG>]
<imagens/NG_architecture.JPG, id=67, 810.77907pt x 377.91188pt>
File: imagens/NG_architecture.JPG Graphic file (type jpg)

<use imagens/NG_architecture.JPG> [19]
Underfull \hbox (badness 10000) has occurred while \output is active
\T1/ptm/m/n/10.95 20
 []

[20 <imagens/NG_architecture.JPG>]
<imagens/NG_partitions.JPG, id=75, 762.59906pt x 617.30624pt>
File: imagens/NG_partitions.JPG Graphic file (type jpg)

<use imagens/NG_partitions.JPG> [21 <imagens/NG_partitions.JPG>]
Underfull \hbox (badness 10000) has occurred while \output is active
\T1/ptm/m/n/10.95 22
 []

[22] [23])
Underfull \hbox (badness 10000) has occurred while \output is active
\T1/ptm/m/n/10.95 24
 []

[24] (texto\lee.tex
Overfull \hbox (37.53532pt too wide) in paragraph at lines 1--1
\T1/phv/b/n/16 4 UM ES-QUEMA DE DIS-TRIBUI«√O DE CARGA ES-CAL¡VEL
 []


Overfull \hbox (7.64812pt too wide) in paragraph at lines 1--1
\T1/phv/b/n/16 EM MULTI-SERVIDOR COM DIS-TRIBUI«√O DE USU¡RIOS
 []


Underfull \vbox (badness 10000) has occurred while \output is active []

 [25



]
Underfull \hbox (badness 10000) has occurred while \output is active
\T1/ptm/m/n/10.95 26
 []

[26] <imagens/LEE_leeA.jpg, id=98, 947.54pt x 834.11626pt>
File: imagens/LEE_leeA.jpg Graphic file (type jpg)

<use imagens/LEE_leeA.jpg> [27 <imagens/LEE_leeA.jpg>]
Underfull \hbox (badness 10000) has occurred while \output is active
\T1/ptm/m/n/10.95 28
 []

[28] <imagens/LEE_distribution.jpg, id=105, 1262.7175pt x 701.62125pt>
File: imagens/LEE_distribution.jpg Graphic file (type jpg)

<use imagens/LEE_distribution.jpg> [29 <imagens/LEE_distribution.jpg>]
<imagens/LEE_mobility.jpg, id=109, 1339.0025pt x 499.8675pt>
File: imagens/LEE_mobility.jpg Graphic file (type jpg)

<use imagens/LEE_mobility.jpg>
Underfull \hbox (badness 10000) has occurred while \output is active
\T1/ptm/m/n/10.95 30
 []

[30]) [31 <imagens/LEE_mobility.jpg>] (texto\fahmy.tex
<imagens/FAHMY_gateways.jpg, id=117, 961.5925pt x 333.245pt>
File: imagens/FAHMY_gateways.jpg Graphic file (type jpg)

<use imagens/FAHMY_gateways.jpg>
Underfull \hbox (badness 10000) has occurred while \output is active
\T1/ptm/m/n/10.95 32
 []

[32



] <imagens/FAHMY_2.jpg, id=121, 712.6625pt x 405.515pt>
File: imagens/FAHMY_2.jpg Graphic file (type jpg)

<use imagens/FAHMY_2.jpg>
<imagens/FAHMY_3.jpg, id=122, 657.45625pt x 427.5975pt>
File: imagens/FAHMY_3.jpg Graphic file (type jpg)

<use imagens/FAHMY_3.jpg> [33 <imagens/FAHMY_gateways.jpg>]
Underfull \hbox (badness 10000) has occurred while \output is active
\T1/ptm/m/n/10.95 34
 []

[34 <imagens/FAHMY_2.jpg> <imagens/FAHMY_3.jpg>]
<imagens/FAHMY_4.jpg, id=129, 1353.055pt x 433.62pt>
File: imagens/FAHMY_4.jpg Graphic file (type jpg)
 <use imagens/FAHMY_4.jpg>
[35 <imagens/FAHMY_4.jpg>]
<imagens/FAHMY_5.jpg, id=133, 1298.8525pt x 426.59375pt>
File: imagens/FAHMY_5.jpg Graphic file (type jpg)

<use imagens/FAHMY_5.jpg>
Underfull \hbox (badness 10000) has occurred while \output is active
\T1/ptm/m/n/10.95 36
 []

[36 <imagens/FAHMY_5.jpg>] [37]
Overfull \hbox (1.9096pt too wide) in paragraph at lines 140--141
[]\T1/ptm/m/n/12 A com-plex-i-dad com-puta-cional È, en-t„o: $\OML/ztmcm/m/it/1
2 O\OT1/ztmcm/m/n/12 (\OML/ztmcm/m/it/12 N[]$ \T1/ptm/m/n/12 + $\OT1/ztmcm/m/n/
12 (\OML/ztmcm/m/it/12 N[] [][] N[]\OT1/ztmcm/m/n/12 )[])$ \T1/ptm/m/n/12 se as
sumir-se tempo
 []


Underfull \hbox (badness 10000) has occurred while \output is active
\T1/ptm/m/n/10.95 38
 []

[38]) [39] (texto\conclusao.tex)
Underfull \hbox (badness 10000) has occurred while \output is active
\T1/ptm/m/n/10.95 40
 []

[40



] (ti_monografia.bbl) AED: lastpage setting LastPage [41


] (ti_monografia.aux (texto\01-resumo.aux) (texto\02-introducao.aux) (texto\ass
iotis.aux)
(texto\ng.aux) (texto\lee.aux) (texto\fahmy.aux) (texto\conclusao.aux)) ) 
Here is how much of TeX's memory you used:
 2645 strings out of 95295
 29919 string characters out of 1184622
 84653 words of memory out of 1083745
 5401 multiletter control sequences out of 60000
 46543 words of font info for 74 fonts, out of 1000000 for 2000
 14 hyphenation exceptions out of 8191
 39i,6n,26p,1622b,289s stack positions out of 5000i,500n,10000p,200000b,32768s
{8r.en
c}<C:/Arquivos de programas/MiKTeX 2.6/fonts/type1/bluesky/cm/cmmi10.pfb><C:/Ar
quivos de programas/MiKTeX 2.6/fonts/type1/bluesky/cm/cmr10.pfb><C:/Arquivos de
 programas/MiKTeX 2.6/fonts/type1/bluesky/cm/cmss12.pfb><C:/Arquivos de program
as/MiKTeX 2.6/fonts/type1/bluesky/cm/cmsy10.pfb><C:/Arquivos de programas/MiKTe
X 2.6/fonts/type1/urw/helvetic/uhvb8a.pfb><C:/Arquivos de programas/MiKTeX 2.6/
fonts/type1/urw/symbol/usyr.pfb><C:/Arquivos de programas/MiKTeX 2.6/fonts/type
1/urw/times/utmb8a.pfb><C:/Arquivos de programas/MiKTeX 2.6/fonts/type1/urw/tim
es/utmr8a.pfb><C:/Arquivos de programas/MiKTeX 2.6/fonts/type1/urw/times/utmri8
a.pfb>
Output written on ti_monografia.pdf (41 pages, 1690371 bytes).
PDF statistics:
 185 PDF objects out of 300000 (max. 8388607)
 0 named destinations out of 300000 (max. 131072)
 66 words of extra memory for PDF output out of 65536 (max. 10000000)

