This is pdfTeX, Version 3.141592-1.40.4 (MiKTeX 2.6) (preloaded format=pdflatex 2007.8.15)  6 DEC 2007 12:27
entering extended mode
**F:/svn_google/trunk/textos/TI/ti_latex/ti_monografia.tex
(F:\svn_google\trunk\textos\TI\ti_latex\ti_monografia.tex
LaTeX2e <2005/12/01>
Babel <v3.8g> and hyphenation patterns for english, dumylang, nohyphenation, ge
rman, ngerman, french, loaded.

! LaTeX Error: File `iiufrgs.cls' not found.

Type X to quit or <RETURN> to proceed,
or enter new name. (Default extension: cls)

Enter file name: 
! Emergency stop.
<read *> 
         
l.15 \usepackage
                [T1]{fontenc}        % pacote para conj. de caracteres correto
*** (cannot \read from terminal in nonstop modes)

 
Here is how much of TeX's memory you used:
 13 strings out of 95295
 294 string characters out of 1184623
 44877 words of memory out of 1048577
 3292 multiletter control sequences out of 60000
 3640 words of font info for 14 fonts, out of 1000000 for 2000
 14 hyphenation exceptions out of 8191
 10i,0n,7p,149b,8s stack positions out of 5000i,500n,10000p,200000b,32768s
!  ==> Fatal error occurred, no output PDF file produced!
