This is pdfTeXk, Version 3.141592-1.40.3 (Web2C 7.5.6) (format=pdflatex 2009.5.6)  18 JUN 2009 16:06
entering extended mode
 %&-line parsing enabled.
**relat.tex
(./relat.tex
LaTeX2e <2005/12/01>
Babel <v3.8h> and hyphenation patterns for english, usenglishmax, dumylang, noh
yphenation, ukrainian, russian, bulgarian, loaded.
(/usr/share/texmf-texlive/tex/latex/base/article.cls
Document Class: article 2005/09/16 v1.4f Standard LaTeX document class
(/usr/share/texmf-texlive/tex/latex/base/size12.clo
File: size12.clo 2005/09/16 v1.4f Standard LaTeX file (size option)
)
\c@part=\count79
\c@section=\count80
\c@subsection=\count81
\c@subsubsection=\count82
\c@paragraph=\count83
\c@subparagraph=\count84
\c@figure=\count85
\c@table=\count86
\abovecaptionskip=\skip41
\belowcaptionskip=\skip42
\bibindent=\dimen102
) (./sbc-template.sty
Package: sbc-template 2001/06/09

(/usr/share/texmf-texlive/tex/latex/geometry/geometry.sty
Package: geometry 2002/07/08 v3.2 Page Geometry

(/usr/share/texmf-texlive/tex/latex/graphics/keyval.sty
Package: keyval 1999/03/16 v1.13 key=value parser (DPC)
\KV@toks@=\toks14
)
\Gm@cnth=\count87
\Gm@cntv=\count88
\c@Gm@tempcnt=\count89
\Gm@bindingoffset=\dimen103
\Gm@wd@mp=\dimen104
\Gm@odd@mp=\dimen105
\Gm@even@mp=\dimen106
\Gm@dimlist=\toks15

(/usr/share/texmf-texlive/tex/xelatex/xetexconfig/geometry.cfg))
(./caption2.sty
Package: caption2 2002/08/03 v2.1 Customising captions (AS)
\captionmargin=\dimen107
\captionwidth=\dimen108
\captionindent=\dimen109
Package caption2 Info: Running in caption2 v2.0 compatibility mode on input lin
e 147.
\captionlinewidth=\dimen110
) (/usr/share/texmf-texlive/tex/latex/psnfss/times.sty
Package: times 2005/04/12 PSNFSS-v9.2a (SPQR) 
)
\c@instn=\count90

(/usr/share/texmf-texlive/tex/latex/titlesec/titlesec.sty
Package: titlesec 2005/01/22 v2.6 Sectioning titles
\ttl@box=\box26
\beforetitleunit=\skip43
\aftertitleunit=\skip44
\ttl@plus=\dimen111
\ttl@minus=\dimen112
\titlewidth=\dimen113
\titlewidthlast=\dimen114
\titlewidthfirst=\dimen115
))
(/usr/share/texmf-texlive/tex/latex/algorithms/algorithm.sty
Package: algorithm 

Document Style `algorithm' - floating environment
(/usr/share/texmf-texlive/tex/latex/float/float.sty
Package: float 2001/11/08 v1.3d Float enhancements (AL)
\c@float@type=\count91
\float@exts=\toks16
\float@box=\box27
\@float@everytoks=\toks17
\@floatcapt=\box28
)
(/usr/share/texmf-texlive/tex/latex/base/ifthen.sty
Package: ifthen 2001/05/26 v1.1c Standard LaTeX ifthen package (DPC)
)
\@float@every@algorithm=\toks18
\c@algorithm=\count92
)
(/usr/share/texmf-texlive/tex/latex/algorithms/algorithmic.sty
Package: algorithmic 2006/06/02

Document Style `algorithmic' - environment
(/usr/share/texmf-texlive/tex/latex/tools/calc.sty
Package: calc 2005/08/06 v4.2 Infix arithmetic (KKT,FJ)
\calc@Acount=\count93
\calc@Bcount=\count94
\calc@Adimen=\dimen116
\calc@Bdimen=\dimen117
\calc@Askip=\skip45
\calc@Bskip=\skip46
LaTeX Info: Redefining \setlength on input line 75.
LaTeX Info: Redefining \addtolength on input line 76.
\calc@Ccount=\count95
\calc@Cskip=\skip47
)
\c@ALC@line=\count96
\c@ALC@rem=\count97
\c@ALC@depth=\count98
\ALC@tlm=\skip48
\algorithmicindent=\skip49
)
(/usr/share/texmf-texlive/tex/latex/graphics/graphicx.sty
Package: graphicx 1999/02/16 v1.0f Enhanced LaTeX Graphics (DPC,SPQR)

(/usr/share/texmf-texlive/tex/latex/graphics/graphics.sty
Package: graphics 2006/02/20 v1.0o Standard LaTeX Graphics (DPC,SPQR)

(/usr/share/texmf-texlive/tex/latex/graphics/trig.sty
Package: trig 1999/03/16 v1.09 sin cos tan (DPC)
)
(/etc/texmf/tex/latex/config/graphics.cfg
File: graphics.cfg 2007/01/18 v1.5 graphics configuration of teTeX/TeXLive
)
Package graphics Info: Driver file: pdftex.def on input line 90.

(/usr/share/texmf-texlive/tex/latex/pdftex-def/pdftex.def
File: pdftex.def 2007/01/08 v0.04d Graphics/color for pdfTeX
\Gread@gobject=\count99
))
\Gin@req@height=\dimen118
\Gin@req@width=\dimen119
)
(/usr/share/texmf-texlive/tex/latex/ltxmisc/url.sty
\Urlmuskip=\muskip10
Package: url 2005/06/27  ver 3.2  Verb mode for urls, etc.
)
(/usr/share/texmf-texlive/tex/generic/babel/babel.sty
Package: babel 2005/11/23 v3.8h The Babel package

(/usr/share/texmf-texlive/tex/generic/babel/portuges.ldf
Language: portuges 2005/03/31 v1.2p Portuguese support from the babel system

(/usr/share/texmf-texlive/tex/generic/babel/babel.def
File: babel.def 2005/11/23 v3.8h Babel common definitions
\babel@savecnt=\count100
\U@D=\dimen120
)

Package babel Warning: No hyphenation patterns were loaded for
(babel)                the language `Portuguese'
(babel)                I will use the patterns loaded for \language=0 instead.

\l@portuges = a dialect from \language0
\l@brazil = a dialect from \language\l@portuges 
Package babel Info: Making " an active character on input line 145.
)) (/usr/share/texmf-texlive/tex/latex/base/inputenc.sty
Package: inputenc 2006/05/05 v1.1b Input encoding file
\inpenc@prehook=\toks19
\inpenc@posthook=\toks20

(/usr/share/texmf-texlive/tex/latex/base/latin1.def
File: latin1.def 2006/05/05 v1.1b Input encoding file
)) (./relat.aux

LaTeX Warning: Label `treescompare' multiply defined.


LaTeX Warning: Label `treescompare' multiply defined.


LaTeX Warning: Label `treescompare' multiply defined.


LaTeX Warning: Label `treescompare' multiply defined.

)
\openout1 = `relat.aux'.

LaTeX Font Info:    Checking defaults for OML/cmm/m/it on input line 24.
LaTeX Font Info:    ... okay on input line 24.
LaTeX Font Info:    Checking defaults for T1/cmr/m/n on input line 24.
LaTeX Font Info:    ... okay on input line 24.
LaTeX Font Info:    Checking defaults for OT1/cmr/m/n on input line 24.
LaTeX Font Info:    ... okay on input line 24.
LaTeX Font Info:    Checking defaults for OMS/cmsy/m/n on input line 24.
LaTeX Font Info:    ... okay on input line 24.
LaTeX Font Info:    Checking defaults for OMX/cmex/m/n on input line 24.
LaTeX Font Info:    ... okay on input line 24.
LaTeX Font Info:    Checking defaults for U/cmr/m/n on input line 24.
LaTeX Font Info:    ... okay on input line 24.
LaTeX Font Info:    Try loading font information for OT1+ptm on input line 24.
 (/usr/share/texmf-texlive/tex/latex/psnfss/ot1ptm.fd
File: ot1ptm.fd 2001/06/04 font definitions for OT1/ptm.
)
-------------------- Geometry parameters
paper: a4paper
landscape: --
twocolumn: --
twoside: --
asymmetric: --
h-parts: 85.35826pt, 426.79135pt, 85.35826pt
v-parts: 99.58464pt, 674.33032pt, 71.13188pt
hmarginratio: --
vmarginratio: --
lines: --
heightrounded: --
bindingoffset: 0.0pt
truedimen: --
includehead: --
includefoot: --
includemp: --
driver: pdftex
-------------------- Page layout dimensions and switches
\paperwidth  597.50787pt
\paperheight 845.04684pt
\textwidth  426.79135pt
\textheight 674.33032pt
\oddsidemargin  13.08827pt
\evensidemargin 13.08827pt
\topmargin  -9.68535pt
\headheight 12.0pt
\headsep    25.0pt
\footskip   30.0pt
\marginparwidth 44.0pt
\marginparsep   10.0pt
\columnsep  10.0pt
\skip\footins  10.8pt plus 4.0pt minus 2.0pt
\hoffset 0.0pt
\voffset 0.0pt
\mag 1000

(1in=72.27pt, 1cm=28.45pt)
-----------------------

(/usr/share/texmf/tex/context/base/supp-pdf.tex
[Loading MPS to PDF converter (version 2006.09.02).]
\scratchcounter=\count101
\scratchdimen=\dimen121
\scratchbox=\box29
\nofMPsegments=\count102
\nofMParguments=\count103
\everyMPshowfont=\toks21
\MPscratchCnt=\count104
\MPscratchDim=\dimen122
\MPnumerator=\count105
\everyMPtoPDFconversion=\toks22
)
LaTeX Font Info:    Font shape `OT1/ptm/bx/n' in size <16> not available
(Font)              Font shape `OT1/ptm/b/n' tried instead on input line 33.
LaTeX Font Info:    Font shape `OT1/ptm/bx/n' in size <12> not available
(Font)              Font shape `OT1/ptm/b/n' tried instead on input line 33.
LaTeX Font Info:    External font `cmex10' loaded for size
(Font)              <12> on input line 33.
LaTeX Font Info:    External font `cmex10' loaded for size
(Font)              <8> on input line 33.
LaTeX Font Info:    External font `cmex10' loaded for size
(Font)              <6> on input line 33.
LaTeX Font Info:    Font shape `OT1/ptm/bx/it' in size <12> not available
(Font)              Font shape `OT1/ptm/b/it' tried instead on input line 36.
LaTeX Font Info:    Font shape `OT1/ptm/bx/n' in size <13> not available
(Font)              Font shape `OT1/ptm/b/n' tried instead on input line 49.
 [1

{/var/lib/texmf/fonts/map/pdftex/updmap/pdftex.map}]
Overfull \hbox (4.11212pt too wide) in paragraph at lines 63--64
\OT1/ptm/m/n/12 cache; na se[][]ao 4[], s[]ao ap-re-sen-ta-dos os de-tal-hes da
 mod-e-lagem e par[]ametros das simula[][]oes
 []

LaTeX Font Info:    Try loading font information for OMS+ptm on input line 78.
(/usr/share/texmf-texlive/tex/latex/psnfss/omsptm.fd
File: omsptm.fd 
)
LaTeX Font Info:    Font shape `OMS/ptm/m/n' in size <12> not available
(Font)              Font shape `OMS/cmsy/m/n' tried instead on input line 78.

<../arq_L123.png, id=10, 534.3162pt x 534.3162pt>
File: ../arq_L123.png Graphic file (type png)
 <use ../arq_L123.png>
LaTeX Font Info:    Try loading font information for OT1+phv on input line 84.

(/usr/share/texmf-texlive/tex/latex/psnfss/ot1phv.fd
File: ot1phv.fd 2001/06/04 scalable font definitions for OT1/phv.
)
LaTeX Font Info:    Font shape `OT1/phv/bx/n' in size <10> not available
(Font)              Font shape `OT1/phv/b/n' tried instead on input line 84.


LaTeX Warning: `!h' float specifier changed to `!ht'.


Overfull \hbox (1.69167pt too wide) in paragraph at lines 89--90
[]\OT1/ptm/m/n/12 uma ar-quite-tura mul-ti-core, semel-hante []a an-te-rior, ta
mb[]em com oito n[]ucleos, por[]em
 []

<../arq_L1234.png, id=11, 534.3162pt x 534.3162pt>
File: ../arq_L1234.png Graphic file (type png)
 <use ../arq_L1234.png>

LaTeX Warning: `!h' float specifier changed to `!ht'.

<../arq_L1234Interleaved.png, id=12, 534.3162pt x 534.3162pt>
File: ../arq_L1234Interleaved.png Graphic file (type png)

<use ../arq_L1234Interleaved.png>

LaTeX Warning: `!h' float specifier changed to `!ht'.

<../treescompare.pdf, id=13, 587.19376pt x 257.96375pt>
File: ../treescompare.pdf Graphic file (type pdf)

<use ../treescompare.pdf>

LaTeX Warning: `!h' float specifier changed to `!ht'.

[2] [3 <../arq_L123.png>] [4 <../arq_L1234.png>] [5 <../arq_L1234Interleaved.pn
g> <../treescompare.pdf>]
Overfull \hbox (4.52367pt too wide) in paragraph at lines 181--182
[]\OT1/ptm/m/n/12 Na pr[]oxima se[][]ao, ser[]ao ap-re-sen-ta-dos os re-sul-ta-
dos en-con-tra-dos com as simula[][]oes
 []

[6] <../ciclos_bt.png, id=43, 1049.9225pt x 473.77pt>
File: ../ciclos_bt.png Graphic file (type png)
 <use ../ciclos_bt.png>
<../steps_bt.png, id=44, 1049.9225pt x 469.755pt>
File: ../steps_bt.png Graphic file (type png)
 <use ../steps_bt.png>
LaTeX Font Info:    Font shape `OT1/phv/bx/it' in size <10> not available
(Font)              Font shape `OT1/phv/b/it' tried instead on input line 208.
LaTeX Font Info:    Font shape `OT1/phv/b/it' in size <10> not available
(Font)              Font shape `OT1/phv/b/sl' tried instead on input line 208.

<../ciclos_cg.png, id=45, 1049.9225pt x 469.755pt>
File: ../ciclos_cg.png Graphic file (type png)
 <use ../ciclos_cg.png>

LaTeX Warning: `!h' float specifier changed to `!ht'.

<../steps_cg.png, id=46, 1049.9225pt x 469.755pt>
File: ../steps_cg.png Graphic file (type png)
 <use ../steps_cg.png>

LaTeX Warning: `!h' float specifier changed to `!ht'.


LaTeX Warning: Citation `ex1' undefined on input line 242.


LaTeX Warning: Citation `ex2' undefined on input line 242.

(./relat.bbl) [7 <../ciclos_bt.png (PNG copy)> <../steps_bt.png (PNG copy)>]
[8 <../ciclos_cg.png (PNG copy)> <../steps_cg.png (PNG copy)>] (./relat.aux)

LaTeX Warning: There were undefined references.


LaTeX Warning: There were multiply-defined labels.

 ) 
Here is how much of TeX's memory you used:
 2555 strings out of 94834
 33375 string characters out of 1179182
 91353 words of memory out of 1500000
 5693 multiletter control sequences out of 10000+50000
 21770 words of font info for 43 fonts, out of 1200000 for 2000
 213 hyphenation exceptions out of 8191
 30i,8n,28p,1079b,242s stack positions out of 5000i,500n,6000p,200000b,5000s
{/usr/share/texmf-texlive/fonts/enc/dvips/base/8r.enc}</usr/share/texmf-texli
ve/fonts/type1/bluesky/cm/cmr8.pfb></usr/share/texmf-texlive/fonts/type1/bluesk
y/cm/cmsy10.pfb></usr/share/texmf-texlive/fonts/type1/urw/helvetic/uhvb8a.pfb><
/usr/share/texmf-texlive/fonts/type1/urw/helvetic/uhvbo8a.pfb></usr/share/texmf
-texlive/fonts/type1/urw/times/utmb8a.pfb></usr/share/texmf-texlive/fonts/type1
/urw/times/utmbi8a.pfb></usr/share/texmf-texlive/fonts/type1/urw/times/utmr8a.p
fb></usr/share/texmf-texlive/fonts/type1/urw/times/utmri8a.pfb>
Output written on relat.pdf (8 pages, 587394 bytes).
PDF statistics:
 82 PDF objects out of 1000 (max. 8388607)
 0 named destinations out of 1000 (max. 131072)
 41 words of extra memory for PDF output out of 10000 (max. 10000000)

