This is pdfTeXk, Version 3.141592-1.40.3 (Web2C 7.5.6) (format=pdflatex 2009.5.16)  9 SEP 2009 00:42
entering extended mode
 %&-line parsing enabled.
**planodoc_lugano.tex
(./planodoc_lugano.tex
LaTeX2e <2005/12/01>
Babel <v3.8h> and hyphenation patterns for english, usenglishmax, dumylang, noh
yphenation, ukrainian, russian, bulgarian, loaded.
(./iiufrgs.cls
Document Class: iiufrgs 2005/01/14 v4.3.1 Formatacao de documentos para o II/UF
RGS
(/usr/share/texmf-texlive/tex/latex/base/report.cls
Document Class: report 2005/09/16 v1.4f Standard LaTeX document class
(/usr/share/texmf-texlive/tex/latex/base/size12.clo
File: size12.clo 2005/09/16 v1.4f Standard LaTeX file (size option)
)
\c@part=\count79
\c@chapter=\count80
\c@section=\count81
\c@subsection=\count82
\c@subsubsection=\count83
\c@paragraph=\count84
\c@subparagraph=\count85
\c@figure=\count86
\c@table=\count87
\abovecaptionskip=\skip41
\belowcaptionskip=\skip42
\bibindent=\dimen102
)
(/usr/share/texmf-texlive/tex/generic/babel/babel.sty
Package: babel 2005/11/23 v3.8h The Babel package

(/usr/share/texmf-texlive/tex/generic/babel/english.ldf
Language: english 2005/03/30 v3.3o English support from the babel system

(/usr/share/texmf-texlive/tex/generic/babel/babel.def
File: babel.def 2005/11/23 v3.8h Babel common definitions
\babel@savecnt=\count88
\U@D=\dimen103
)
\l@british = a dialect from \language\l@english 
\l@UKenglish = a dialect from \language\l@english 
\l@canadian = a dialect from \language\l@american 
\l@australian = a dialect from \language\l@british 
\l@newzealand = a dialect from \language\l@british 
)
(/usr/share/texmf-texlive/tex/generic/babel/portuges.ldf
Language: portuges 2005/03/31 v1.2p Portuguese support from the babel system


Package babel Warning: No hyphenation patterns were loaded for
(babel)                the language `Portuguese'
(babel)                I will use the patterns loaded for \language=0 instead.

\l@portuges = a dialect from \language0
\l@brazilian = a dialect from \language\l@portuges 
Package babel Info: Making " an active character on input line 145.
)) (./brazilian.babel) (./english.babel)
(/usr/share/texmf/tex/latex/dblatex/misc/lastpage.sty
Package: lastpage 1994/06/25 v0.1b LaTeX2e package for refs to last page number
 (JPG)
)
(/usr/share/texmf-texlive/tex/latex/tools/indentfirst.sty
Package: indentfirst 1995/11/23 v1.03 Indent first paragraph (DPC)
) (./iidefs.sty
Package: iidefs 

(/usr/share/texmf-texlive/tex/latex/graphics/graphicx.sty
Package: graphicx 1999/02/16 v1.0f Enhanced LaTeX Graphics (DPC,SPQR)

(/usr/share/texmf-texlive/tex/latex/graphics/keyval.sty
Package: keyval 1999/03/16 v1.13 key=value parser (DPC)
\KV@toks@=\toks14
)
(/usr/share/texmf-texlive/tex/latex/graphics/graphics.sty
Package: graphics 2006/02/20 v1.0o Standard LaTeX Graphics (DPC,SPQR)

(/usr/share/texmf-texlive/tex/latex/graphics/trig.sty
Package: trig 1999/03/16 v1.09 sin cos tan (DPC)
)
(/etc/texmf/tex/latex/config/graphics.cfg
File: graphics.cfg 2007/01/18 v1.5 graphics configuration of teTeX/TeXLive
)
Package graphics Info: Driver file: pdftex.def on input line 90.

(/usr/share/texmf-texlive/tex/latex/pdftex-def/pdftex.def
File: pdftex.def 2007/01/08 v0.04d Graphics/color for pdfTeX
\Gread@gobject=\count89
))
\Gin@req@height=\dimen104
\Gin@req@width=\dimen105
))
(/usr/share/texmf-texlive/tex/latex/natbib/natbib.sty
Package: natbib 2007/02/05 8.0 (PWD)
\bibhang=\skip43
\bibsep=\skip44
LaTeX Info: Redefining \cite on input line 602.
\c@NAT@ctr=\count90
)
\ii@topmargin=\skip45
\ii@pagenummargin=\skip46
\ii@bottommargin=\skip47
\ii@sidemargin=\skip48
\c@ii@authorcount=\count91
\c@kwcounter=\count92
\titlepagewinwidth=\skip49
\titlepagewinheight=\skip50
\titlepagewinvoffset=\skip51
\ii@chapnumindent=\skip52
) (./plano-doutorado.def
File: plano-doutorado.def 2002/11/14 Plano de Doutorado
) (/usr/share/texmf-texlive/tex/latex/base/fontenc.sty
Package: fontenc 2005/09/27 v1.99g Standard LaTeX package

(/usr/share/texmf-texlive/tex/latex/base/t1enc.def
File: t1enc.def 2005/09/27 v1.99g Standard LaTeX file
LaTeX Font Info:    Redeclaring font encoding T1 on input line 43.
))
(/usr/share/texmf-texlive/tex/latex/base/inputenc.sty
Package: inputenc 2006/05/05 v1.1b Input encoding file
\inpenc@prehook=\toks15
\inpenc@posthook=\toks16

(/usr/share/texmf-texlive/tex/latex/base/latin1.def
File: latin1.def 2006/05/05 v1.1b Input encoding file
))
(/usr/share/texmf-texlive/tex/latex/psnfss/times.sty
Package: times 2005/04/12 PSNFSS-v9.2a (SPQR) 
)
(/usr/share/texmf-texlive/tex/latex/algorithms/algorithm.sty
Package: algorithm 

Document Style `algorithm' - floating environment
(/usr/share/texmf-texlive/tex/latex/float/float.sty
Package: float 2001/11/08 v1.3d Float enhancements (AL)
\c@float@type=\count93
\float@exts=\toks17
\float@box=\box26
\@float@everytoks=\toks18
\@floatcapt=\box27
)
(/usr/share/texmf-texlive/tex/latex/base/ifthen.sty
Package: ifthen 2001/05/26 v1.1c Standard LaTeX ifthen package (DPC)
)
\@float@every@algorithm=\toks19
\c@algorithm=\count94
)
(/usr/share/texmf-texlive/tex/latex/algorithms/algorithmic.sty
Package: algorithmic 2006/06/02

Document Style `algorithmic' - environment
(/usr/share/texmf-texlive/tex/latex/tools/calc.sty
Package: calc 2005/08/06 v4.2 Infix arithmetic (KKT,FJ)
\calc@Acount=\count95
\calc@Bcount=\count96
\calc@Adimen=\dimen106
\calc@Bdimen=\dimen107
\calc@Askip=\skip53
\calc@Bskip=\skip54
LaTeX Info: Redefining \setlength on input line 75.
LaTeX Info: Redefining \addtolength on input line 76.
\calc@Ccount=\count97
\calc@Cskip=\skip55
)
\c@ALC@line=\count98
\c@ALC@rem=\count99
\c@ALC@depth=\count100
\ALC@tlm=\skip56
\algorithmicindent=\skip57
) (./planodoc_lugano.aux)
\openout1 = `planodoc_lugano.aux'.

LaTeX Font Info:    Checking defaults for OML/cmm/m/it on input line 134.
LaTeX Font Info:    ... okay on input line 134.
LaTeX Font Info:    Checking defaults for T1/cmr/m/n on input line 134.
LaTeX Font Info:    ... okay on input line 134.
LaTeX Font Info:    Checking defaults for OT1/cmr/m/n on input line 134.
LaTeX Font Info:    ... okay on input line 134.
LaTeX Font Info:    Checking defaults for OMS/cmsy/m/n on input line 134.
LaTeX Font Info:    ... okay on input line 134.
LaTeX Font Info:    Checking defaults for OMX/cmex/m/n on input line 134.
LaTeX Font Info:    ... okay on input line 134.
LaTeX Font Info:    Checking defaults for U/cmr/m/n on input line 134.
LaTeX Font Info:    ... okay on input line 134.
LaTeX Font Info:    Try loading font information for T1+ptm on input line 134.

(/usr/share/texmf-texlive/tex/latex/psnfss/t1ptm.fd
File: t1ptm.fd 2001/06/04 font definitions for T1/ptm.
)
(/usr/share/texmf/tex/context/base/supp-pdf.tex
[Loading MPS to PDF converter (version 2006.09.02).]
\scratchcounter=\count101
\scratchdimen=\dimen108
\scratchbox=\box28
\nofMPsegments=\count102
\nofMParguments=\count103
\everyMPshowfont=\toks20
\MPscratchCnt=\count104
\MPscratchDim=\dimen109
\MPnumerator=\count105
\everyMPtoPDFconversion=\toks21
)
LaTeX Font Info:    Font shape `T1/ptm/bx/n' in size <14.4> not available
(Font)              Font shape `T1/ptm/b/n' tried instead on input line 140.

Underfull \hbox (badness 10000) in paragraph at lines 140--140

 []

[1

{/var/lib/texmf/fonts/map/pdftex/updmap/pdftex.map}]
LaTeX Font Info:    Try loading font information for T1+phv on input line 156.

(/usr/share/texmf-texlive/tex/latex/psnfss/t1phv.fd
File: t1phv.fd 2001/06/04 scalable font definitions for T1/phv.
)
LaTeX Font Info:    Font shape `T1/phv/bx/n' in size <16> not available
(Font)              Font shape `T1/phv/b/n' tried instead on input line 156.
 (./planodoc_lugano.toc
LaTeX Font Info:    Font shape `T1/ptm/bx/n' in size <12> not available
(Font)              Font shape `T1/ptm/b/n' tried instead on input line 2.
LaTeX Font Info:    Font shape `T1/phv/bx/n' in size <12> not available
(Font)              Font shape `T1/phv/b/n' tried instead on input line 2.

Underfull \hbox (badness 10000) in paragraph at lines 2--2
 []  
 []

LaTeX Font Info:    External font `cmex10' loaded for size
(Font)              <12> on input line 2.
LaTeX Font Info:    External font `cmex10' loaded for size
(Font)              <8> on input line 2.
LaTeX Font Info:    External font `cmex10' loaded for size
(Font)              <6> on input line 2.

Underfull \hbox (badness 10000) in paragraph at lines 3--3
 []  
 []


Underfull \hbox (badness 10000) in paragraph at lines 6--6
 []  
 []


Underfull \hbox (badness 10000) in paragraph at lines 10--10
 []  
 []


Underfull \hbox (badness 10000) in paragraph at lines 12--12
 []  
 []


Underfull \hbox (badness 10000) in paragraph at lines 20--20
 []  
 []


Underfull \hbox (badness 10000) in paragraph at lines 25--25
 []  
 []


Underfull \hbox (badness 10000) in paragraph at lines 26--26
 []  
 []

)
\tf@toc=\write3
\openout3 = `planodoc_lugano.toc'.

 [2


] [3

]
LaTeX Font Info:    Try loading font information for OMS+ptm on input line 206.

 (/usr/share/texmf-texlive/tex/latex/psnfss/omsptm.fd
File: omsptm.fd 
)
LaTeX Font Info:    Font shape `OMS/ptm/m/n' in size <12> not available
(Font)              Font shape `OMS/cmsy/m/n' tried instead on input line 206.

Underfull \hbox (badness 10000) has occurred while \output is active
\T1/ptm/m/n/10.95 4
 []

[4

] [5]
Underfull \hbox (badness 10000) has occurred while \output is active
\T1/ptm/m/n/10.95 6
 []

[6

] [7]
Underfull \vbox (badness 2961) has occurred while \output is active []


Underfull \hbox (badness 10000) has occurred while \output is active
\T1/ptm/m/n/10.95 8
 []

[8]
Underfull \vbox (badness 1248) has occurred while \output is active []

 [9]
Underfull \hbox (badness 10000) has occurred while \output is active
\T1/ptm/m/n/10.95 10
 []

[10] [11]
Underfull \hbox (badness 10000) has occurred while \output is active
\T1/ptm/m/n/10.95 12
 []

[12

] [13

]
Underfull \hbox (badness 10000) has occurred while \output is active
\T1/ptm/m/n/10.95 14
 []

[14] [15]
Underfull \hbox (badness 10000) has occurred while \output is active
\T1/ptm/m/n/10.95 16
 []

[16] [17]
Underfull \hbox (badness 10000) has occurred while \output is active
\T1/ptm/m/n/10.95 18
 []

[18

]
Overfull \hbox (9.30962pt too wide) in paragraph at lines 525--526
[]\T1/ptm/m/n/12 Implementação do mó-dulo de dis-tribuição de carga e ge-ren-ci
a-mento de hotspots; 
 []

[19]
Overfull \hbox (4.47305pt too wide) in paragraph at lines 544--545
[]\T1/ptm/m/n/12 Escrita de ar-ti-gos para pub-li-cação na-cional (SBGames) e i
n-ter-na-cional ([],
 []


Overfull \hbox (6.62608pt too wide) in paragraph at lines 629--641
 [] 
 []


LaTeX Warning: `h' float specifier changed to `ht'.


Overfull \hbox (3.59468pt too wide) in paragraph at lines 668--669
[]\T1/ptm/m/n/12 Tem-se man-tido con-tato com o pro-fes-sor Fer-nando Pe-done, 
da Uni-ver-si-dade de Lugano
 []


Underfull \hbox (badness 10000) has occurred while \output is active
\T1/ptm/m/n/10.95 20
 []

[20] [21]
Underfull \hbox (badness 10000) has occurred while \output is active
\T1/ptm/m/n/10.95 22
 []

[22]
Overfull \hbox (2.10883pt too wide) in paragraph at lines 772--773
\T1/ptm/m/n/12 um dos re-spon-sáveis pelo de-sen-volvi-mento da fun-cional-i-da
de de multi-servidor, uti-lizando
 []


Overfull \hbox (21.18544pt too wide) in paragraph at lines 784--785
[]\T1/ptm/b/n/12 A$[]$: a novel in-ter-est man-age-ment al-go-rithm for dis-tri
buted sim-u-la-tions of MMOGs\T1/ptm/m/n/12 ,
 []

[23

] (./planodoc_lugano.bbl
Underfull \hbox (badness 10000) has occurred while \output is active
\T1/ptm/m/n/10.95 24
 []

[24]
Underfull \hbox (badness 1968) in paragraph at lines 3--6
[]\T1/ptm/m/n/12 ADLER, B.; AL-FARO, L. de. \T1/ptm/b/n/12 A Content-Driven Rep
-u-ta-tion Sys-tem for the
 []

[25

]
Underfull \hbox (badness 10000) has occurred while \output is active
\T1/ptm/m/n/10.95 26
 []

[26] [27]
Underfull \hbox (badness 10000) has occurred while \output is active
\T1/ptm/m/n/10.95 28
 []

[28]) AED: lastpage setting LastPage [29] (./planodoc_lugano.aux) ) 
Here is how much of TeX's memory you used:
 2463 strings out of 94834
 29946 string characters out of 1179181
 99202 words of memory out of 1500000
 5583 multiletter control sequences out of 10000+50000
 34244 words of font info for 43 fonts, out of 1200000 for 2000
 228 hyphenation exceptions out of 8191
 39i,9n,27p,2027b,358s stack positions out of 5000i,500n,6000p,200000b,5000s
{/usr/share/
texmf-texlive/fonts/enc/dvips/base/8r.enc}</usr/share/texmf-texlive/fonts/type1
/bluesky/cm/cmmi12.pfb></usr/share/texmf-texlive/fonts/type1/bluesky/cm/cmr8.pf
b></usr/share/texmf-texlive/fonts/type1/bluesky/cm/cmsy10.pfb></usr/share/texmf
-texlive/fonts/type1/urw/helvetic/uhvb8a.pfb></usr/share/texmf-texlive/fonts/ty
pe1/urw/times/utmb8a.pfb></usr/share/texmf-texlive/fonts/type1/urw/times/utmr8a
.pfb></usr/share/texmf-texlive/fonts/type1/urw/times/utmri8a.pfb>
Output written on planodoc_lugano.pdf (29 pages, 150039 bytes).
PDF statistics:
 124 PDF objects out of 1000 (max. 8388607)
 0 named destinations out of 1000 (max. 131072)
 1 words of extra memory for PDF output out of 10000 (max. 10000000)

