This is pdfTeX, Version 3.1415926-1.40.9 (MiKTeX 2.7) (preloaded format=pdflatex 2008.12.18)  18 DEC 2008 17:18
entering extended mode
**D:/kdubezerra/trunk/textos/PlanoDoutorado/Ivan_projetoCNPQ2009a/planoDoutorad
o.tex

(D:/kdubezerra/trunk/textos/PlanoDoutorado/Ivan_projetoCNPQ2009a/planoDoutorado
.tex
LaTeX2e <2005/12/01>
Babel <v3.8l> and hyphenation patterns for english, dumylang, nohyphenation, ge
rman, ngerman, german-x-2008-06-18, ngerman-x-2008-06-18, french, loaded.
(iiufrgs.cls
Document Class: iiufrgs 2005/01/14 v4.3.1 Formatacao de documentos para o II/UF
RGS
("C:\Arquivos de programas\MiKTeX 2.7\tex\latex\base\report.cls"
Document Class: report 2005/09/16 v1.4f Standard LaTeX document class
("C:\Arquivos de programas\MiKTeX 2.7\tex\latex\base\size12.clo"
File: size12.clo 2005/09/16 v1.4f Standard LaTeX file (size option)
)
\c@part=\count79
\c@chapter=\count80
\c@section=\count81
\c@subsection=\count82
\c@subsubsection=\count83
\c@paragraph=\count84
\c@subparagraph=\count85
\c@figure=\count86
\c@table=\count87
\abovecaptionskip=\skip41
\belowcaptionskip=\skip42
\bibindent=\dimen102
)
("C:\Arquivos de programas\MiKTeX 2.7\tex\generic\babel\babel.sty"
Package: babel 2008/07/06 v3.8l The Babel package

*************************************
* Local config file bblopts.cfg used
*
("C:\Arquivos de programas\MiKTeX 2.7\tex\latex\00miktex\bblopts.cfg"
File: bblopts.cfg 2006/07/31 v1.0 MiKTeX 'babel' configuration
)
("C:\Arquivos de programas\MiKTeX 2.7\tex\generic\babel\english.ldf"
Language: english 2005/03/30 v3.3o English support from the babel system

("C:\Arquivos de programas\MiKTeX 2.7\tex\generic\babel\babel.def"
File: babel.def 2008/07/06 v3.8l Babel common definitions
\babel@savecnt=\count88
\U@D=\dimen103
)
\l@canadian = a dialect from \language\l@american 
\l@australian = a dialect from \language\l@british 
\l@newzealand = a dialect from \language\l@british 
)
("C:\Arquivos de programas\MiKTeX 2.7\tex\generic\babel\portuges.ldf"
Language: portuges 2008/03/18 v1.2q Portuguese support from the babel system


Package babel Warning: No hyphenation patterns were loaded for
(babel)                the language `Portuguese'
(babel)                I will use the patterns loaded for \language=0 instead.

\l@portuges = a dialect from \language0
\l@brazilian = a dialect from \language\l@portuges 
Package babel Info: Making " an active character on input line 145.
)) (brazilian.babel) (english.babel)
("C:\Arquivos de programas\MiKTeX 2.7\tex\latex\lastpage\lastpage.sty"
Package: lastpage 1994/06/25 v0.1b LaTeX2e package for refs to last page number
 (JPG)
)
("C:\Arquivos de programas\MiKTeX 2.7\tex\latex\tools\indentfirst.sty"
Package: indentfirst 1995/11/23 v1.03 Indent first paragraph (DPC)
)
(iidefs.sty
Package: iidefs 

("C:\Arquivos de programas\MiKTeX 2.7\tex\latex\graphics\graphicx.sty"
Package: graphicx 1999/02/16 v1.0f Enhanced LaTeX Graphics (DPC,SPQR)

("C:\Arquivos de programas\MiKTeX 2.7\tex\latex\graphics\keyval.sty"
Package: keyval 1999/03/16 v1.13 key=value parser (DPC)
\KV@toks@=\toks14
)
("C:\Arquivos de programas\MiKTeX 2.7\tex\latex\graphics\graphics.sty"
Package: graphics 2006/02/20 v1.0o Standard LaTeX Graphics (DPC,SPQR)

("C:\Arquivos de programas\MiKTeX 2.7\tex\latex\graphics\trig.sty"
Package: trig 1999/03/16 v1.09 sin cos tan (DPC)
)
("C:\Arquivos de programas\MiKTeX 2.7\tex\latex\00miktex\graphics.cfg"
File: graphics.cfg 2007/01/18 v1.5 graphics configuration of teTeX/TeXLive
)
Package graphics Info: Driver file: pdftex.def on input line 90.

("C:\Arquivos de programas\MiKTeX 2.7\tex\latex\pdftex-def\pdftex.def"
File: pdftex.def 2008/07/16 v0.04k Graphics/color for pdfTeX
\Gread@gobject=\count89
))
\Gin@req@height=\dimen104
\Gin@req@width=\dimen105
))
("C:\Arquivos de programas\MiKTeX 2.7\tex\latex\natbib\natbib.sty"
Package: natbib 2007/10/30 8.1 (PWD)
\bibhang=\skip43
\bibsep=\skip44
LaTeX Info: Redefining \cite on input line 602.
\c@NAT@ctr=\count90
)
\ii@topmargin=\skip45
\ii@pagenummargin=\skip46
\ii@bottommargin=\skip47
\ii@sidemargin=\skip48
\c@ii@authorcount=\count91
\c@kwcounter=\count92
\titlepagewinwidth=\skip49
\titlepagewinheight=\skip50
\titlepagewinvoffset=\skip51
\ii@chapnumindent=\skip52
)
(plano-doutorado.def
File: plano-doutorado.def 2002/11/14 Plano de Doutorado
)
("C:\Arquivos de programas\MiKTeX 2.7\tex\latex\base\fontenc.sty"
Package: fontenc 2005/09/27 v1.99g Standard LaTeX package

("C:\Arquivos de programas\MiKTeX 2.7\tex\latex\base\t1enc.def"
File: t1enc.def 2005/09/27 v1.99g Standard LaTeX file
LaTeX Font Info:    Redeclaring font encoding T1 on input line 43.
))
("C:\Arquivos de programas\MiKTeX 2.7\tex\latex\base\inputenc.sty"
Package: inputenc 2006/05/05 v1.1b Input encoding file
\inpenc@prehook=\toks15
\inpenc@posthook=\toks16

("C:\Arquivos de programas\MiKTeX 2.7\tex\latex\base\latin1.def"
File: latin1.def 2006/05/05 v1.1b Input encoding file
))
("C:\Arquivos de programas\MiKTeX 2.7\tex\latex\psnfss\times.sty"
Package: times 2005/04/12 PSNFSS-v9.2a (SPQR) 
)
("C:\Arquivos de programas\MiKTeX 2.7\tex\latex\listings\listings.sty"
\lst@mode=\count93
\lst@gtempboxa=\box26
\lst@token=\toks17
\lst@length=\count94
\lst@currlwidth=\dimen106
\lst@column=\count95
\lst@pos=\count96
\lst@lostspace=\dimen107
\lst@width=\dimen108
\lst@newlines=\count97
\lst@lineno=\count98
\lst@maxwidth=\dimen109

("C:\Arquivos de programas\MiKTeX 2.7\tex\latex\listings\lstmisc.sty"
File: lstmisc.sty 2007/02/22 1.4 (Carsten Heinz)
\c@lstnumber=\count99
\lst@skipnumbers=\count100
\lst@framebox=\box27
)
("C:\Arquivos de programas\MiKTeX 2.7\tex\latex\listings\listings.cfg"
File: listings.cfg 2007/02/22 1.4 listings configuration
))
Package: listings 2007/02/22 1.4 (Carsten Heinz)

("C:\Arquivos de programas\MiKTeX 2.7\tex\latex\tools\array.sty"
Package: array 2005/08/23 v2.4b Tabular extension package (FMi)
\col@sep=\dimen110
\extrarowheight=\dimen111
\NC@list=\toks18
\extratabsurround=\skip53
\backup@length=\skip54
)
("C:\Arquivos de programas\MiKTeX 2.7\tex\latex\ltxmisc\parskip.sty"
Package: parskip 2001/04/09 non-zero parskip adjustments
)
(algorithm.sty
Package: algorithm 

Document Style `algorithm' - floating environment
("C:\Arquivos de programas\MiKTeX 2.7\tex\latex\float\float.sty"
Package: float 2001/11/08 v1.3d Float enhancements (AL)
\c@float@type=\count101
\float@exts=\toks19
\float@box=\box28
\@float@everytoks=\toks20
\@floatcapt=\box29
)
("C:\Arquivos de programas\MiKTeX 2.7\tex\latex\base\ifthen.sty"
Package: ifthen 2001/05/26 v1.1c Standard LaTeX ifthen package (DPC)
)
\@float@every@algorithm=\toks21
\c@algorithm=\count102
)
(algorithmic.sty
Package: algorithmic 2006/06/02

Document Style `algorithmic' - environment
("C:\Arquivos de programas\MiKTeX 2.7\tex\latex\tools\calc.sty"
Package: calc 2005/08/06 v4.2 Infix arithmetic (KKT,FJ)
\calc@Acount=\count103
\calc@Bcount=\count104
\calc@Adimen=\dimen112
\calc@Bdimen=\dimen113
\calc@Askip=\skip55
\calc@Bskip=\skip56
LaTeX Info: Redefining \setlength on input line 75.
LaTeX Info: Redefining \addtolength on input line 76.
\calc@Ccount=\count105
\calc@Cskip=\skip57
)
\c@ALC@line=\count106
\c@ALC@rem=\count107
\c@ALC@depth=\count108
\ALC@tlm=\skip58
\algorithmicindent=\skip59
)
("C:\Arquivos de programas\MiKTeX 2.7\tex\latex\caption\caption.sty"
Package: caption 2008/08/24 v3.1j Customizing captions (AR)

("C:\Arquivos de programas\MiKTeX 2.7\tex\latex\caption\caption3.sty"
Package: caption3 2008/08/24 v3.1j caption3 kernel (AR)
\captionmargin=\dimen114
\captionmargin@=\dimen115
\captionwidth=\dimen116
\caption@indent=\dimen117
\caption@parindent=\dimen118
\caption@hangindent=\dimen119
)
\c@ContinuedFloat=\count109
Package caption Info: float package is loaded.
Package caption Info: listings package is loaded.
)
("C:\Arquivos de programas\MiKTeX 2.7\tex\latex\oberdiek\stackrel.sty"
Package: stackrel 2007/11/11 v1.2 Adding subscript option to stackrel (HO)

("C:\Arquivos de programas\MiKTeX 2.7\tex\generic\oberdiek\etexcmds.sty"
Package: etexcmds 2007/12/12 v1.2 Prefix for e-TeX command names (HO)

("C:\Arquivos de programas\MiKTeX 2.7\tex\generic\oberdiek\infwarerr.sty"
Package: infwarerr 2007/09/09 v1.2 Providing info/warning/message (HO)
)
Package etexcmds Info: Could not find \expanded.
(etexcmds)             That can mean that you are not using pdfTeX 1.50 or
(etexcmds)             that some package has redefined \expanded.
(etexcmds)             In the latter case, load this package earlier.
)
("C:\Arquivos de programas\MiKTeX 2.7\tex\generic\oberdiek\pdftexcmds.sty"
Package: pdftexcmds 2007/12/12 v0.3 LuaTeX support for pdfTeX utility functions
 (HO)
Package pdftexcmds Info: LuaTeX not detected on input line 139.
))
("C:\Arquivos de programas\MiKTeX 2.7\tex\latex\psnfss\mathptmx.sty"
Package: mathptmx 2005/04/12 PSNFSS-v9.2a Times w/ Math, improved (SPQR, WaS) 
LaTeX Font Info:    Redeclaring symbol font `operators' on input line 28.
LaTeX Font Info:    Overwriting symbol font `operators' in version `normal'
(Font)                  OT1/cmr/m/n --> OT1/ztmcm/m/n on input line 28.
LaTeX Font Info:    Overwriting symbol font `operators' in version `bold'
(Font)                  OT1/cmr/bx/n --> OT1/ztmcm/m/n on input line 28.
LaTeX Font Info:    Redeclaring symbol font `letters' on input line 29.
LaTeX Font Info:    Overwriting symbol font `letters' in version `normal'
(Font)                  OML/cmm/m/it --> OML/ztmcm/m/it on input line 29.
LaTeX Font Info:    Overwriting symbol font `letters' in version `bold'
(Font)                  OML/cmm/b/it --> OML/ztmcm/m/it on input line 29.
LaTeX Font Info:    Redeclaring symbol font `symbols' on input line 30.
LaTeX Font Info:    Overwriting symbol font `symbols' in version `normal'
(Font)                  OMS/cmsy/m/n --> OMS/ztmcm/m/n on input line 30.
LaTeX Font Info:    Overwriting symbol font `symbols' in version `bold'
(Font)                  OMS/cmsy/b/n --> OMS/ztmcm/m/n on input line 30.
LaTeX Font Info:    Redeclaring symbol font `largesymbols' on input line 31.
LaTeX Font Info:    Overwriting symbol font `largesymbols' in version `normal'
(Font)                  OMX/cmex/m/n --> OMX/ztmcm/m/n on input line 31.
LaTeX Font Info:    Overwriting symbol font `largesymbols' in version `bold'
(Font)                  OMX/cmex/m/n --> OMX/ztmcm/m/n on input line 31.
\symbold=\mathgroup4
\symitalic=\mathgroup5
LaTeX Font Info:    Redeclaring math alphabet \mathbf on input line 34.
LaTeX Font Info:    Overwriting math alphabet `\mathbf' in version `normal'
(Font)                  OT1/cmr/bx/n --> OT1/ptm/bx/n on input line 34.
LaTeX Font Info:    Overwriting math alphabet `\mathbf' in version `bold'
(Font)                  OT1/cmr/bx/n --> OT1/ptm/bx/n on input line 34.
LaTeX Font Info:    Redeclaring math alphabet \mathit on input line 35.
LaTeX Font Info:    Overwriting math alphabet `\mathit' in version `normal'
(Font)                  OT1/cmr/m/it --> OT1/ptm/m/it on input line 35.
LaTeX Font Info:    Overwriting math alphabet `\mathit' in version `bold'
(Font)                  OT1/cmr/bx/it --> OT1/ptm/m/it on input line 35.
LaTeX Info: Redefining \hbar on input line 50.
)
("C:\Arquivos de programas\MiKTeX 2.7\tex\latex\base\latexsym.sty"
Package: latexsym 1998/08/17 v2.2e Standard LaTeX package (lasy symbols)
\symlasy=\mathgroup6
LaTeX Font Info:    Overwriting symbol font `lasy' in version `bold'
(Font)                  U/lasy/m/n --> U/lasy/b/n on input line 47.
)
("C:\Arquivos de programas\MiKTeX 2.7\tex\latex\amsmath\amsmath.sty"
Package: amsmath 2000/07/18 v2.13 AMS math features
\@mathmargin=\skip60

For additional information on amsmath, use the `?' option.
("C:\Arquivos de programas\MiKTeX 2.7\tex\latex\amsmath\amstext.sty"
Package: amstext 2000/06/29 v2.01

("C:\Arquivos de programas\MiKTeX 2.7\tex\latex\amsmath\amsgen.sty"
File: amsgen.sty 1999/11/30 v2.0
\@emptytoks=\toks22
\ex@=\dimen120
))
("C:\Arquivos de programas\MiKTeX 2.7\tex\latex\amsmath\amsbsy.sty"
Package: amsbsy 1999/11/29 v1.2d
\pmbraise@=\dimen121
)
("C:\Arquivos de programas\MiKTeX 2.7\tex\latex\amsmath\amsopn.sty"
Package: amsopn 1999/12/14 v2.01 operator names
)
\inf@bad=\count110
LaTeX Info: Redefining \frac on input line 211.
\uproot@=\count111
\leftroot@=\count112
LaTeX Info: Redefining \overline on input line 307.
\classnum@=\count113
\DOTSCASE@=\count114
LaTeX Info: Redefining \ldots on input line 379.
LaTeX Info: Redefining \dots on input line 382.
LaTeX Info: Redefining \cdots on input line 467.
\Mathstrutbox@=\box30
\strutbox@=\box31
\big@size=\dimen122
LaTeX Font Info:    Redeclaring font encoding OML on input line 567.
LaTeX Font Info:    Redeclaring font encoding OMS on input line 568.
\macc@depth=\count115
\c@MaxMatrixCols=\count116
\dotsspace@=\muskip10
\c@parentequation=\count117
\dspbrk@lvl=\count118
\tag@help=\toks23
\row@=\count119
\column@=\count120
\maxfields@=\count121
\andhelp@=\toks24
\eqnshift@=\dimen123
\alignsep@=\dimen124
\tagshift@=\dimen125
\tagwidth@=\dimen126
\totwidth@=\dimen127
\lineht@=\dimen128
\@envbody=\toks25
\multlinegap=\skip61
\multlinetaggap=\skip62
\mathdisplay@stack=\toks26
LaTeX Info: Redefining \[ on input line 2666.
LaTeX Info: Redefining \] on input line 2667.
)
("C:\Arquivos de programas\MiKTeX 2.7\tex\latex\ltxmisc\url.sty"
\Urlmuskip=\muskip11
Package: url 2006/04/12  ver 3.3  Verb mode for urls, etc.
)
(planoDoutorado.aux)
LaTeX Font Info:    Checking defaults for OML/cmm/m/it on input line 126.
LaTeX Font Info:    ... okay on input line 126.
LaTeX Font Info:    Checking defaults for T1/cmr/m/n on input line 126.
LaTeX Font Info:    ... okay on input line 126.
LaTeX Font Info:    Checking defaults for OT1/cmr/m/n on input line 126.
LaTeX Font Info:    ... okay on input line 126.
LaTeX Font Info:    Checking defaults for OMS/cmsy/m/n on input line 126.
LaTeX Font Info:    ... okay on input line 126.
LaTeX Font Info:    Checking defaults for OMX/cmex/m/n on input line 126.
LaTeX Font Info:    ... okay on input line 126.
LaTeX Font Info:    Checking defaults for U/cmr/m/n on input line 126.
LaTeX Font Info:    ... okay on input line 126.
LaTeX Font Info:    Try loading font information for T1+ptm on input line 126.

("C:\Arquivos de programas\MiKTeX 2.7\tex\latex\psnfss\t1ptm.fd"
File: t1ptm.fd 2001/06/04 font definitions for T1/ptm.
)
("C:\Arquivos de programas\MiKTeX 2.7\tex\context\base\supp-pdf.tex"
[Loading MPS to PDF converter (version 2006.09.02).]
\scratchcounter=\count122
\scratchdimen=\dimen129
\scratchbox=\box32
\nofMPsegments=\count123
\nofMParguments=\count124
\everyMPshowfont=\toks27
\MPscratchCnt=\count125
\MPscratchDim=\dimen130
\MPnumerator=\count126
\everyMPtoPDFconversion=\toks28
)
\c@lstlisting=\count127
Package caption Info: Begin \AtBeginDocument code.
Package caption Info: Incompatible package detected (regarding \@caption).
(caption)             \@caption = \long macro:#1[#2]#3->\par \if@captionlisting
 \addcontentsline {\csname ext@#1\endcsname }{#1}{\protect \numberline {\csname
 fnum@#1\endcsname :}{\ignorespaces #2}}\fi \begingroup \@parboxrestore \if@min
ipage \@setminipage \fi \normalsize \@makecaption {\csname fnum@#1\endcsname }{
\ignorespaces #3}\par \endgroup .


Package caption Warning: \caption will not be redefined since it's already
(caption)                redefined by a document class or package which is
(caption)                unknown to the caption package.
See the caption package documentation for explanation.

Package caption Info: End \AtBeginDocument code.
LaTeX Font Info:    Font shape `T1/ptm/bx/n' in size <14.4> not available
(Font)              Font shape `T1/ptm/b/n' tried instead on input line 132.

Underfull \hbox (badness 10000) in paragraph at lines 132--132

 []

LaTeX Font Info:    Font shape `T1/ptm/bx/n' in size <12> not available
(Font)              Font shape `T1/ptm/b/n' tried instead on input line 132.
LaTeX Font Info:    Try loading font information for OT1+ztmcm on input line 13
2.
("C:\Arquivos de programas\MiKTeX 2.7\tex\latex\psnfss\ot1ztmcm.fd"
File: ot1ztmcm.fd 2000/01/03 Fontinst v1.801 font definitions for OT1/ztmcm.
)
LaTeX Font Info:    Try loading font information for OML+ztmcm on input line 13
2.

("C:\Arquivos de programas\MiKTeX 2.7\tex\latex\psnfss\omlztmcm.fd"
File: omlztmcm.fd 2000/01/03 Fontinst v1.801 font definitions for OML/ztmcm.
)
LaTeX Font Info:    Try loading font information for OMS+ztmcm on input line 13
2.

("C:\Arquivos de programas\MiKTeX 2.7\tex\latex\psnfss\omsztmcm.fd"
File: omsztmcm.fd 2000/01/03 Fontinst v1.801 font definitions for OMS/ztmcm.
)
LaTeX Font Info:    Try loading font information for OMX+ztmcm on input line 13
2.

("C:\Arquivos de programas\MiKTeX 2.7\tex\latex\psnfss\omxztmcm.fd"
File: omxztmcm.fd 2000/01/03 Fontinst v1.801 font definitions for OMX/ztmcm.
)
LaTeX Font Info:    Try loading font information for OT1+ptm on input line 132.


("C:\Arquivos de programas\MiKTeX 2.7\tex\latex\psnfss\ot1ptm.fd"
File: ot1ptm.fd 2001/06/04 font definitions for OT1/ptm.
)
LaTeX Font Info:    Font shape `OT1/ptm/bx/n' in size <12> not available
(Font)              Font shape `OT1/ptm/b/n' tried instead on input line 132.
LaTeX Font Info:    Font shape `OT1/ptm/bx/n' in size <9> not available
(Font)              Font shape `OT1/ptm/b/n' tried instead on input line 132.
LaTeX Font Info:    Font shape `OT1/ptm/bx/n' in size <7> not available
(Font)              Font shape `OT1/ptm/b/n' tried instead on input line 132.
LaTeX Font Info:    Try loading font information for U+lasy on input line 132.

("C:\Arquivos de programas\MiKTeX 2.7\tex\latex\base\ulasy.fd"
File: ulasy.fd 1998/08/17 v2.2e LaTeX symbol font definitions
) [1

{C:/Documents and Settings/All Users/Dados de aplicativos/MiKTeX/2.7/pdftex/con
fig/pdftex.map}]
LaTeX Font Info:    Try loading font information for T1+phv on input line 148.
 ("C:\Arquivos de programas\MiKTeX 2.7\tex\latex\psnfss\t1phv.fd"
File: t1phv.fd 2001/06/04 scalable font definitions for T1/phv.
)
LaTeX Font Info:    Font shape `T1/phv/bx/n' in size <16> not available
(Font)              Font shape `T1/phv/b/n' tried instead on input line 148.

(planoDoutorado.toc
LaTeX Font Info:    Font shape `T1/phv/bx/n' in size <12> not available
(Font)              Font shape `T1/phv/b/n' tried instead on input line 2.

Underfull \hbox (badness 10000) in paragraph at lines 2--2
 []  
 []


Underfull \hbox (badness 10000) in paragraph at lines 3--3
 []  
 []


Underfull \hbox (badness 10000) in paragraph at lines 4--4
 []  
 []


Underfull \hbox (badness 10000) in paragraph at lines 5--5
 []  
 []


Underfull \hbox (badness 10000) in paragraph at lines 19--19
 []  
 []


Underfull \hbox (badness 10000) in paragraph at lines 20--20
 []  
 []


Underfull \hbox (badness 10000) in paragraph at lines 21--21
 []  
 []


Underfull \hbox (badness 10000) in paragraph at lines 22--22
 []  
 []


Underfull \hbox (badness 10000) in paragraph at lines 23--23
 []  
 []

)
\tf@toc=\write3
 [2


] [3

]
Underfull \hbox (badness 10000) has occurred while \output is active
\T1/ptm/m/n/10.95 4
 []

[4

] [5]
LaTeX Font Info:    Font shape `OT1/ptm/bx/n' in size <10> not available
(Font)              Font shape `OT1/ptm/b/n' tried instead on input line 221.
LaTeX Font Info:    Font shape `OT1/ptm/bx/n' in size <7.4> not available
(Font)              Font shape `OT1/ptm/b/n' tried instead on input line 221.
LaTeX Font Info:    Font shape `OT1/ptm/bx/n' in size <6> not available
(Font)              Font shape `OT1/ptm/b/n' tried instead on input line 221.

Overfull \hbox (4.47273pt too wide) in paragraph at lines 230--231
[]\T1/ptm/m/n/12 Algumas teo-rias foram pro-postas para for-malizar o com-por-t
a-mento de um grupo de agentes
 []


Underfull \hbox (badness 10000) has occurred while \output is active
\T1/ptm/m/n/10.95 6
 []

[6

] (cap02.tex [7]
Overfull \hbox (22.44836pt too wide) in paragraph at lines 10--11
[]\T1/ptm/m/n/12 Para ilus-trar as difer-enças en-tre \T1/ptm/m/it/12 team-work
 \T1/ptm/m/n/12 e co-or-de-nação mul-ti-a-gente, Levesque (LEVESQUE;
 []


Underfull \hbox (badness 10000) has occurred while \output is active
\T1/ptm/m/n/10.95 8
 []

[8

] <figures/ataque.jpg, id=31, 789.36768pt x 155.49pt>
File: figures/ataque.jpg Graphic file (type jpg)

<use figures/ataque.jpg> [9 <figures/ataque.jpg>]
Overfull \hbox (15.53748pt too wide) in paragraph at lines 51--52
[]\T1/ptm/m/n/12 Trabalhos teóri-cos em \T1/ptm/m/it/12 team-work \T1/ptm/m/n/1
2 (LEVESQUE; CO-HEN; NUNES, 1990) (GROSZ; KRAUS,
 []


Underfull \hbox (badness 10000) has occurred while \output is active
\T1/ptm/m/n/10.95 10
 []

[10]
LaTeX Font Info:    Try loading font information for OMS+ptm on input line 68.
 ("C:\Arquivos de programas\MiKTeX 2.7\tex\latex\psnfss\omsptm.fd"
File: omsptm.fd 
)
LaTeX Font Info:    Font shape `OMS/ptm/m/n' in size <12> not available
(Font)              Font shape `OMS/cmsy/m/n' tried instead on input line 68.

Underfull \hbox (badness 10000) in paragraph at lines 105--106

 []

[11]
Overfull \hbox (2.94852pt too wide) in paragraph at lines 127--128
[]\T1/ptm/m/n/12 Para con-cluir as definições de com-pro-mis-sos e in-tenções i
n-di-vid-u-ais, são definidos $\OML/ztmcm/m/it/12 PGOAL$
 []


Underfull \hbox (badness 10000) in paragraph at lines 139--140

 []


Underfull \hbox (badness 10000) has occurred while \output is active
\T1/ptm/m/n/10.95 12
 []

[12] [13]
Overfull \hbox (9.8949pt too wide) in paragraph at lines 204--205
[]\T1/ptm/m/it/12 RETSINA \T1/ptm/m/n/12 é uma in-fraestru-tura de sis-temas mu
l-ti-a-gentes que uti-liza mecan-ismo de raciocínio
 []


Underfull \hbox (badness 10000) has occurred while \output is active
\T1/ptm/m/n/10.95 14
 []

[14] <figures/retsina.jpg, id=56, 504.2093pt x 361.35pt>
File: figures/retsina.jpg Graphic file (type jpg)

<use figures/retsina.jpg> [15]
Underfull \hbox (badness 10000) has occurred while \output is active
\T1/ptm/m/n/10.95 16
 []

[16 <figures/retsina.jpg>] [17]
<figures/operadores_steam.jpg, id=66, 784.88582pt x 297.84pt>
File: figures/operadores_steam.jpg Graphic file (type jpg)

<use figures/operadores_steam.jpg>

Package caption Warning: \label before \caption on input line 286.
See the caption package documentation for explanation.


LaTeX Warning: Reference `HIERARQUIA' on page 18 undefined on input line 290.


Underfull \hbox (badness 10000) has occurred while \output is active
\T1/ptm/m/n/10.95 18
 []

[18]

Package caption Warning: \label before \caption on input line 286.
See the caption package documentation for explanation.


LaTeX Warning: Reference `HIERARQUIA' on page 19 undefined on input line 292.

LaTeX Font Info:    Try loading font information for T1+pcr on input line 292.
("C:\Arquivos de programas\MiKTeX 2.7\tex\latex\psnfss\t1pcr.fd"
File: t1pcr.fd 2001/06/04 font definitions for T1/pcr.
)
Overfull \hbox (0.89717pt too wide) in paragraph at lines 294--295
[]\T1/ptm/m/n/12 Apesar de rep-re-sen-tar um marco no de-sen-volvi-mento de \T1
/ptm/m/it/12 team-work\T1/ptm/m/n/12 , a uti-liza-ção do \T1/ptm/m/it/12 STEAM
 []

[19 <figures/operadores_steam.jpg>]

Package caption Warning: \label before \caption on input line 326.
See the caption package documentation for explanation.


LaTeX Warning: Reference `PROXY' on page 20 undefined on input line 314.


Underfull \hbox (badness 10000) has occurred while \output is active
\T1/ptm/m/n/10.95 20
 []

[20] <figures/proxy.jpg, id=78, 660.51419pt x 206.955pt>
File: figures/proxy.jpg Graphic file (type jpg)

<use figures/proxy.jpg> [21 <figures/proxy.jpg>]
<figures/twproxy_general_model2.jpg, id=82, 356.00986pt x 273.41557pt>
File: figures/twproxy_general_model2.jpg Graphic file (type jpg)

<use figures/twproxy_general_model2.jpg>
Underfull \hbox (badness 10000) has occurred while \output is active
\T1/ptm/m/n/10.95 22
 []

[22] [23 <figures/twproxy_general_model2.jpg>]
<figures/twproxy_organizacao2.jpg, id=89, 284.52756pt x 310.7041pt>
File: figures/twproxy_organizacao2.jpg Graphic file (type jpg)

<use figures/twproxy_organizacao2.jpg>)
Underfull \hbox (badness 10000) has occurred while \output is active
\T1/ptm/m/n/10.95 24
 []

[24 <figures/twproxy_organizacao2.jpg>] [25

]
Overfull \hbox (0.41562pt too wide) in paragraph at lines 273--274
[]\T1/ptm/m/n/12 A in-ves-ti-gação das defi-ciên-cias en-con-tradas em mod-e-lo
s e fer-ra-men-tas at-u-ais é um método
 []


Underfull \hbox (badness 10000) has occurred while \output is active
\T1/ptm/m/n/10.95 26
 []

[26

] [27]
Overfull \hbox (0.5323pt too wide) in paragraph at lines 366--380
 [] 
 []


Underfull \hbox (badness 10000) has occurred while \output is active
\T1/ptm/m/n/10.95 28
 []

[28

] (planoDoutorado.bbl [29

]
Underfull \hbox (badness 10000) has occurred while \output is active
\T1/ptm/m/n/10.95 30
 []

[30

]
Underfull \hbox (badness 10000) in paragraph at lines 128--131
[]\T1/ptm/m/n/12 STEVEN, N. S. \T1/ptm/b/n/12 Evo-lu-tion of a Team-work Model\
T1/ptm/m/n/12 . Disponível em cite-
 []

[31]) AED: lastpage setting LastPage
Underfull \hbox (badness 10000) has occurred while \output is active
\T1/ptm/m/n/10.95 32
 []

[32] (planoDoutorado.aux)

LaTeX Warning: There were undefined references.

 ) 
Here is how much of TeX's memory you used:
 5662 strings out of 95304
 75882 string characters out of 1182723
 148462 words of memory out of 1500000
 8716 multiletter control sequences out of 110000
 59357 words of font info for 95 fonts, out of 1200000 for 2000
 14 hyphenation exceptions out of 8191
 39i,8n,41p,1675b,308s stack positions out of 5000i,500n,10000p,200000b,5000s
{C:/Arquivos de programas/MiKTeX 2.7/fonts/enc/dvips/fontname/8r.enc}<C:/Arqu
ivos de programas/MiKTeX 2.7/fonts/type1/bluesky/cm/cmmi10.pfb><C:/Arquivos de 
programas/MiKTeX 2.7/fonts/type1/bluesky/cm/cmr10.pfb><C:/Arquivos de programas
/MiKTeX 2.7/fonts/type1/bluesky/cm/cmsy10.pfb><C:/Arquivos de programas/MiKTeX 
2.7/fonts/type1/bluesky/latex-fonts/lasy10.pfb><C:/Arquivos de programas/MiKTeX
 2.7/fonts/type1/urw/courier/ucrr8a.pfb><C:/Arquivos de programas/MiKTeX 2.7/fo
nts/type1/urw/helvetic/uhvb8a.pfb><C:/Arquivos de programas/MiKTeX 2.7/fonts/ty
pe1/urw/symbol/usyr.pfb><C:/Arquivos de programas/MiKTeX 2.7/fonts/type1/urw/ti
mes/utmb8a.pfb><C:/Arquivos de programas/MiKTeX 2.7/fonts/type1/urw/times/utmr8
a.pfb><C:/Arquivos de programas/MiKTeX 2.7/fonts/type1/urw/times/utmri8a.pfb>
Output written on planoDoutorado.pdf (32 pages, 461968 bytes).
PDF statistics:
 152 PDF objects out of 1000 (max. 8388607)
 0 named destinations out of 1000 (max. 131072)
 31 words of extra memory for PDF output out of 10000 (max. 10000000)

