This is pdfTeX, Version 3.1415926-1.40.9 (MiKTeX 2.7) (preloaded format=pdflatex 2008.12.18)  6 JAN 2009 16:30
entering extended mode
**D:/kdubezerra/trunk/textos/dissertation/dissertation.tex
(D:/kdubezerra/trunk/textos/dissertation/dissertation.tex
LaTeX2e <2005/12/01>
Babel <v3.8l> and hyphenation patterns for english, dumylang, nohyphenation, ge
rman, ngerman, german-x-2008-06-18, ngerman-x-2008-06-18, french, loaded.
(iiufrgs.cls
Document Class: iiufrgs 2005/01/14 v4.3.1 Formatacao de documentos para o II/UF
RGS
("C:\Arquivos de programas\MiKTeX 2.7\tex\latex\base\report.cls"
Document Class: report 2005/09/16 v1.4f Standard LaTeX document class
("C:\Arquivos de programas\MiKTeX 2.7\tex\latex\base\size12.clo"
File: size12.clo 2005/09/16 v1.4f Standard LaTeX file (size option)
)
\c@part=\count79
\c@chapter=\count80
\c@section=\count81
\c@subsection=\count82
\c@subsubsection=\count83
\c@paragraph=\count84
\c@subparagraph=\count85
\c@figure=\count86
\c@table=\count87
\abovecaptionskip=\skip41
\belowcaptionskip=\skip42
\bibindent=\dimen102
)
("C:\Arquivos de programas\MiKTeX 2.7\tex\generic\babel\babel.sty"
Package: babel 2008/07/06 v3.8l The Babel package

*************************************
* Local config file bblopts.cfg used
*
("C:\Arquivos de programas\MiKTeX 2.7\tex\latex\00miktex\bblopts.cfg"
File: bblopts.cfg 2006/07/31 v1.0 MiKTeX 'babel' configuration
)
("C:\Arquivos de programas\MiKTeX 2.7\tex\generic\babel\english.ldf"
Language: english 2005/03/30 v3.3o English support from the babel system

("C:\Arquivos de programas\MiKTeX 2.7\tex\generic\babel\babel.def"
File: babel.def 2008/07/06 v3.8l Babel common definitions
\babel@savecnt=\count88
\U@D=\dimen103
)
\l@canadian = a dialect from \language\l@american 
\l@australian = a dialect from \language\l@british 
\l@newzealand = a dialect from \language\l@british 
)
("C:\Arquivos de programas\MiKTeX 2.7\tex\generic\babel\portuges.ldf"
Language: portuges 2008/03/18 v1.2q Portuguese support from the babel system


Package babel Warning: No hyphenation patterns were loaded for
(babel)                the language `Portuguese'
(babel)                I will use the patterns loaded for \language=0 instead.

\l@portuges = a dialect from \language0
\l@brazilian = a dialect from \language\l@portuges 
Package babel Info: Making " an active character on input line 145.
)) (brazilian.babel) (english.babel)
("C:\Arquivos de programas\MiKTeX 2.7\tex\latex\lastpage\lastpage.sty"
Package: lastpage 1994/06/25 v0.1b LaTeX2e package for refs to last page number
 (JPG)
)
("C:\Arquivos de programas\MiKTeX 2.7\tex\latex\tools\indentfirst.sty"
Package: indentfirst 1995/11/23 v1.03 Indent first paragraph (DPC)
)
(iidefs.sty
Package: iidefs 

("C:\Arquivos de programas\MiKTeX 2.7\tex\latex\graphics\graphicx.sty"
Package: graphicx 1999/02/16 v1.0f Enhanced LaTeX Graphics (DPC,SPQR)

("C:\Arquivos de programas\MiKTeX 2.7\tex\latex\graphics\keyval.sty"
Package: keyval 1999/03/16 v1.13 key=value parser (DPC)
\KV@toks@=\toks14
)
("C:\Arquivos de programas\MiKTeX 2.7\tex\latex\graphics\graphics.sty"
Package: graphics 2006/02/20 v1.0o Standard LaTeX Graphics (DPC,SPQR)

("C:\Arquivos de programas\MiKTeX 2.7\tex\latex\graphics\trig.sty"
Package: trig 1999/03/16 v1.09 sin cos tan (DPC)
)
("C:\Arquivos de programas\MiKTeX 2.7\tex\latex\00miktex\graphics.cfg"
File: graphics.cfg 2007/01/18 v1.5 graphics configuration of teTeX/TeXLive
)
Package graphics Info: Driver file: pdftex.def on input line 90.

("C:\Arquivos de programas\MiKTeX 2.7\tex\latex\pdftex-def\pdftex.def"
File: pdftex.def 2008/07/16 v0.04k Graphics/color for pdfTeX
\Gread@gobject=\count89
))
\Gin@req@height=\dimen104
\Gin@req@width=\dimen105
))
("C:\Arquivos de programas\MiKTeX 2.7\tex\latex\natbib\natbib.sty"
Package: natbib 2007/10/30 8.1 (PWD)
\bibhang=\skip43
\bibsep=\skip44
LaTeX Info: Redefining \cite on input line 602.
\c@NAT@ctr=\count90
)
\ii@topmargin=\skip45
\ii@pagenummargin=\skip46
\ii@bottommargin=\skip47
\ii@sidemargin=\skip48
\c@ii@authorcount=\count91
\c@kwcounter=\count92
\titlepagewinwidth=\skip49
\titlepagewinheight=\skip50
\titlepagewinvoffset=\skip51
\ii@chapnumindent=\skip52
) (diss.def
File: diss.def 2003/02/03 Dissertação de Mestrado
) ("C:\Arquivos de programas\MiKTeX 2.7\tex\latex\base\fontenc.sty"
Package: fontenc 2005/09/27 v1.99g Standard LaTeX package

("C:\Arquivos de programas\MiKTeX 2.7\tex\latex\base\t1enc.def"
File: t1enc.def 2005/09/27 v1.99g Standard LaTeX file
LaTeX Font Info:    Redeclaring font encoding T1 on input line 43.
))
("C:\Arquivos de programas\MiKTeX 2.7\tex\latex\base\inputenc.sty"
Package: inputenc 2006/05/05 v1.1b Input encoding file
\inpenc@prehook=\toks15
\inpenc@posthook=\toks16

("C:\Arquivos de programas\MiKTeX 2.7\tex\latex\base\latin1.def"
File: latin1.def 2006/05/05 v1.1b Input encoding file
))
("C:\Arquivos de programas\MiKTeX 2.7\tex\latex\psnfss\times.sty"
Package: times 2005/04/12 PSNFSS-v9.2a (SPQR) 
)
("C:\Arquivos de programas\MiKTeX 2.7\tex\latex\algorithms\algorithmic.sty"
Package: algorithmic 2006/06/02

Document Style `algorithmic' - environment
("C:\Arquivos de programas\MiKTeX 2.7\tex\latex\base\ifthen.sty"
Package: ifthen 2001/05/26 v1.1c Standard LaTeX ifthen package (DPC)
)
("C:\Arquivos de programas\MiKTeX 2.7\tex\latex\tools\calc.sty"
Package: calc 2005/08/06 v4.2 Infix arithmetic (KKT,FJ)
\calc@Acount=\count93
\calc@Bcount=\count94
\calc@Adimen=\dimen106
\calc@Bdimen=\dimen107
\calc@Askip=\skip53
\calc@Bskip=\skip54
LaTeX Info: Redefining \setlength on input line 75.
LaTeX Info: Redefining \addtolength on input line 76.
\calc@Ccount=\count95
\calc@Cskip=\skip55
)
\c@ALC@line=\count96
\c@ALC@rem=\count97
\c@ALC@depth=\count98
\ALC@tlm=\skip56
\algorithmicindent=\skip57
)
("C:\Arquivos de programas\MiKTeX 2.7\tex\latex\algorithms\algorithm.sty"
Package: algorithm 

Document Style `algorithm' - floating environment
("C:\Arquivos de programas\MiKTeX 2.7\tex\latex\float\float.sty"
Package: float 2001/11/08 v1.3d Float enhancements (AL)
\c@float@type=\count99
\float@exts=\toks17
\float@box=\box26
\@float@everytoks=\toks18
\@floatcapt=\box27
)
\@float@every@algorithm=\toks19
\c@algorithm=\count100
)
("C:\Arquivos de programas\MiKTeX 2.7\tex\latex\amsmath\amsmath.sty"
Package: amsmath 2000/07/18 v2.13 AMS math features
\@mathmargin=\skip58

For additional information on amsmath, use the `?' option.
("C:\Arquivos de programas\MiKTeX 2.7\tex\latex\amsmath\amstext.sty"
Package: amstext 2000/06/29 v2.01

("C:\Arquivos de programas\MiKTeX 2.7\tex\latex\amsmath\amsgen.sty"
File: amsgen.sty 1999/11/30 v2.0
\@emptytoks=\toks20
\ex@=\dimen108
))
("C:\Arquivos de programas\MiKTeX 2.7\tex\latex\amsmath\amsbsy.sty"
Package: amsbsy 1999/11/29 v1.2d
\pmbraise@=\dimen109
)
("C:\Arquivos de programas\MiKTeX 2.7\tex\latex\amsmath\amsopn.sty"
Package: amsopn 1999/12/14 v2.01 operator names
)
\inf@bad=\count101
LaTeX Info: Redefining \frac on input line 211.
\uproot@=\count102
\leftroot@=\count103
LaTeX Info: Redefining \overline on input line 307.
\classnum@=\count104
\DOTSCASE@=\count105
LaTeX Info: Redefining \ldots on input line 379.
LaTeX Info: Redefining \dots on input line 382.
LaTeX Info: Redefining \cdots on input line 467.
\Mathstrutbox@=\box28
\strutbox@=\box29
\big@size=\dimen110
LaTeX Font Info:    Redeclaring font encoding OML on input line 567.
LaTeX Font Info:    Redeclaring font encoding OMS on input line 568.
\macc@depth=\count106
\c@MaxMatrixCols=\count107
\dotsspace@=\muskip10
\c@parentequation=\count108
\dspbrk@lvl=\count109
\tag@help=\toks21
\row@=\count110
\column@=\count111
\maxfields@=\count112
\andhelp@=\toks22
\eqnshift@=\dimen111
\alignsep@=\dimen112
\tagshift@=\dimen113
\tagwidth@=\dimen114
\totwidth@=\dimen115
\lineht@=\dimen116
\@envbody=\toks23
\multlinegap=\skip59
\multlinetaggap=\skip60
\mathdisplay@stack=\toks24
LaTeX Info: Redefining \[ on input line 2666.
LaTeX Info: Redefining \] on input line 2667.
)
(dissertation.aux)
LaTeX Font Info:    Checking defaults for OML/cmm/m/it on input line 227.
LaTeX Font Info:    ... okay on input line 227.
LaTeX Font Info:    Checking defaults for T1/cmr/m/n on input line 227.
LaTeX Font Info:    ... okay on input line 227.
LaTeX Font Info:    Checking defaults for OT1/cmr/m/n on input line 227.
LaTeX Font Info:    ... okay on input line 227.
LaTeX Font Info:    Checking defaults for OMS/cmsy/m/n on input line 227.
LaTeX Font Info:    ... okay on input line 227.
LaTeX Font Info:    Checking defaults for OMX/cmex/m/n on input line 227.
LaTeX Font Info:    ... okay on input line 227.
LaTeX Font Info:    Checking defaults for U/cmr/m/n on input line 227.
LaTeX Font Info:    ... okay on input line 227.
LaTeX Font Info:    Try loading font information for T1+ptm on input line 227.

("C:\Arquivos de programas\MiKTeX 2.7\tex\latex\psnfss\t1ptm.fd"
File: t1ptm.fd 2001/06/04 font definitions for T1/ptm.
)
("C:\Arquivos de programas\MiKTeX 2.7\tex\context\base\supp-pdf.tex"
[Loading MPS to PDF converter (version 2006.09.02).]
\scratchcounter=\count113
\scratchdimen=\dimen117
\scratchbox=\box30
\nofMPsegments=\count114
\nofMParguments=\count115
\everyMPshowfont=\toks25
\MPscratchCnt=\count116
\MPscratchDim=\dimen118
\MPnumerator=\count117
\everyMPtoPDFconversion=\toks26
)
LaTeX Font Info:    Font shape `T1/ptm/bx/n' in size <14.4> not available
(Font)              Font shape `T1/ptm/b/n' tried instead on input line 233.

Underfull \hbox (badness 10000) in paragraph at lines 233--233

 []

[1

{C:/Documents and Settings/All Users/Dados de aplicativos/MiKTeX/2.7/pdftex/con
fig/pdftex.map}]
LaTeX Font Info:    Font shape `T1/ptm/bx/n' in size <12> not available
(Font)              Font shape `T1/ptm/b/n' tried instead on input line 233.
 (agrad.tex [2


]
LaTeX Font Info:    Try loading font information for T1+phv on input line 2.

("C:\Arquivos de programas\MiKTeX 2.7\tex\latex\psnfss\t1phv.fd"
File: t1phv.fd 2001/06/04 scalable font definitions for T1/phv.
)
LaTeX Font Info:    Font shape `T1/phv/bx/n' in size <16> not available
(Font)              Font shape `T1/phv/b/n' tried instead on input line 2.
) [3

]
(dissertation.toc
LaTeX Font Info:    Font shape `T1/phv/bx/n' in size <12> not available
(Font)              Font shape `T1/phv/b/n' tried instead on input line 2.

Underfull \hbox (badness 10000) in paragraph at lines 2--2
 []  
 []


Underfull \hbox (badness 10000) in paragraph at lines 3--3
 []  
 []


Underfull \hbox (badness 10000) in paragraph at lines 4--4
 []  
 []


Underfull \hbox (badness 10000) in paragraph at lines 6--6
 []  
 []


Underfull \hbox (badness 10000) in paragraph at lines 8--8
 []  
 []


Underfull \hbox (badness 10000) in paragraph at lines 9--9
 []  
 []


Underfull \hbox (badness 10000) in paragraph at lines 10--10
 []  
 []


Underfull \hbox (badness 10000) in paragraph at lines 11--11
 []  
 []


Underfull \hbox (badness 10000) in paragraph at lines 24--24
 []  
 []


Underfull \hbox (badness 10000) in paragraph at lines 30--30
 []  
 []


Underfull \hbox (badness 10000) in paragraph at lines 31--31
 []  
 []

)
\tf@toc=\write3
 (glossario.tex [4

]) [5

] (dissertation.lof)
\tf@lof=\write4
 [6

] [7

]
Overfull \hbox (3.0pt too wide) in paragraph at lines 296--296
[] 
 []

(intro.tex [8


]) (contexto.tex [9

]) (modelo.tex
Underfull \hbox (badness 10000) has occurred while \output is active
\T1/ptm/m/n/10.95 10
 []

[10

]) (a3.tex [11

]
LaTeX Font Info:    Calculating math sizes for size <16> on input line 1.


LaTeX Font Warning: Font shape `OT1/cmr/m/n' in size <16> not available
(Font)              size <17.28> substituted on input line 1.


LaTeX Font Warning: Font shape `OML/cmm/m/it' in size <16> not available
(Font)              size <17.28> substituted on input line 1.


LaTeX Font Warning: Font shape `OMS/cmsy/m/n' in size <16> not available
(Font)              size <17.28> substituted on input line 1.


LaTeX Font Warning: Font shape `OMX/cmex/m/n' in size <16> not available
(Font)              size <17.28> substituted on input line 1.


Package natbib Warning: Citation `guildwars' on page 12 undefined on input line
 14.


Underfull \vbox (badness 1147) has occurred while \output is active []


Underfull \hbox (badness 10000) has occurred while \output is active
\T1/ptm/m/n/10.95 12
 []

[12

]

Package natbib Warning: Citation `boulanger2006cim' on page 13 undefined on inp
ut line 26.

[13]

Package natbib Warning: Citation `yan2005scc' on page 14 undefined on input lin
e 38.


Overfull \hbox (30.54655pt too wide) in paragraph at lines 38--39
[]\T1/ptm/m/n/12 Outro tra-balho voltado para o mo-delo par-a-par (IIMURA; HAZE
YAMA; KADOBAYASHI,
 []


Underfull \vbox (badness 1248) has occurred while \output is active []


Underfull \hbox (badness 10000) has occurred while \output is active
\T1/ptm/m/n/10.95 14
 []

[14]

Package natbib Warning: Citation `morse1996iml' on page 15 undefined on input l
ine 52.


Package natbib Warning: Citation `rak1996egb' on page 15 undefined on input lin
e 52.


Package natbib Warning: Citation `zou2001egt' on page 15 undefined on input lin
e 52.


Package natbib Warning: Citation `rak1996egb' on page 15 undefined on input lin
e 52.


Package natbib Warning: Citation `zou2001egt' on page 15 undefined on input lin
e 54.


Package natbib Warning: Citation `morse1996iml' on page 15 undefined on input l
ine 60.


Package natbib Warning: Citation `elsayed2004alm' on page 15 undefined on input
 line 65.


Package natbib Warning: Citation `morse1996iml' on page 15 undefined on input l
ine 66.


Underfull \vbox (badness 10000) has occurred while \output is active []

 [15]
Overfull \hbox (3.57314pt too wide) in paragraph at lines 89--90
\T1/ptm/m/n/12 geren-ci-ada por um servi-dor. As regiões são con-tíguas, ex-plo
-rando a lo-cal-i-dade dos avatares
 []

<images/part.pdf, id=55, 461.725pt x 461.725pt>
File: images/part.pdf Graphic file (type pdf)
 <use images/part.pdf>
Underfull \hbox (badness 10000) has occurred while \output is active
\T1/ptm/m/n/10.95 16
 []

[16]
Underfull \vbox (badness 3482) has occurred while \output is active []

 [17 <images/part.pdf>]
Underfull \hbox (badness 10000) has occurred while \output is active
\T1/ptm/m/n/10.95 18
 []

[18] <images/circle.pdf, id=288, 206.7725pt x 163.61125pt>
File: images/circle.pdf Graphic file (type pdf)

<use images/circle.pdf> <images/fov.pdf, id=289, 279.0425pt x 204.765pt>
File: images/fov.pdf Graphic file (type pdf)

<use images/fov.pdf> [19 <images/circle.pdf>]
Underfull \hbox (badness 10000) has occurred while \output is active
\T1/ptm/m/n/10.95 20
 []

[20 <images/fov.pdf>]

Package natbib Warning: Citation `boulanger2006cim' on page 21 undefined on inp
ut line 174.

<images/gcircle.pdf, id=312, 206.7725pt x 163.61125pt>
File: images/gcircle.pdf Graphic file (type pdf)

<use images/gcircle.pdf>
LaTeX Font Info:    Try loading font information for OMS+ptm on input line 198.


("C:\Arquivos de programas\MiKTeX 2.7\tex\latex\psnfss\omsptm.fd"
File: omsptm.fd 
)
LaTeX Font Info:    Font shape `OMS/ptm/m/n' in size <12> not available
(Font)              Font shape `OMS/cmsy/m/n' tried instead on input line 198.


Package natbib Warning: Citation `smed2002rna' on page 21 undefined on input li
ne 206.

[21] <images/a3.pdf, id=317, 279.0425pt x 204.765pt>
File: images/a3.pdf Graphic file (type pdf)
 <use images/a3.pdf>
Underfull \hbox (badness 10000) has occurred while \output is active
\T1/ptm/m/n/10.95 22
 []

[22 <images/gcircle.pdf>]
Underfull \vbox (badness 1881) has occurred while \output is active []

 [23 <images/a3.pdf>]

Package natbib Warning: Citation `yu2007nas' on page 24 undefined on input line
 246.


Package natbib Warning: Citation `kim2005tcm' on page 24 undefined on input lin
e 246.


Package natbib Warning: Citation `svoboda2007taa' on page 24 undefined on input
 line 246.

<images/max.pdf, id=359, 361.35pt x 252.945pt>
File: images/max.pdf Graphic file (type pdf)
 <use images/max.pdf>
<images/avg.pdf, id=360, 361.35pt x 252.945pt>
File: images/avg.pdf Graphic file (type pdf)
 <use images/avg.pdf>
Underfull \hbox (badness 10000) has occurred while \output is active
\T1/ptm/m/n/10.95 24
 []

[24] [25 <images/max.pdf>])
Underfull \hbox (badness 10000) has occurred while \output is active
\T1/ptm/m/n/10.95 26
 []

[26 <images/avg.pdf>] (balanceamento.tex [27]
Underfull \hbox (badness 10000) has occurred while \output is active
\T1/ptm/m/n/10.95 28
 []

[28

] [29]) (conclusao.tex
Underfull \hbox (badness 10000) has occurred while \output is active
\T1/ptm/m/n/10.95 30
 []

[30]) (dissertation.bbl [31

]) AED: lastpage setting LastPage
Underfull \hbox (badness 10000) has occurred while \output is active
\T1/ptm/m/n/10.95 32
 []

[32

]

Package natbib Warning: There were undefined citations.

(dissertation.aux)

LaTeX Font Warning: Size substitutions with differences
(Font)              up to 1.28pt have occurred.

 ) 
Here is how much of TeX's memory you used:
 3232 strings out of 95304
 37171 string characters out of 1182723
 106975 words of memory out of 1500000
 6252 multiletter control sequences out of 110000
 38840 words of font info for 55 fonts, out of 1200000 for 2000
 105 hyphenation exceptions out of 8191
 39i,8n,27p,2183b,575s stack positions out of 5000i,500n,10000p,200000b,5000s
{C:/Arquivos de programas/MiKTeX 2.7/fonts/enc/dvips/fontname/8r.enc}<C:/Arqu
ivos de programas/MiKTeX 2.7/fonts/type1/bluesky/cm/cmmi12.pfb><C:/Arquivos de 
programas/MiKTeX 2.7/fonts/type1/bluesky/cm/cmmi8.pfb><C:/Arquivos de programas
/MiKTeX 2.7/fonts/type1/bluesky/cm/cmr10.pfb><C:/Arquivos de programas/MiKTeX 2
.7/fonts/type1/bluesky/cm/cmr12.pfb><C:/Arquivos de programas/MiKTeX 2.7/fonts/
type1/bluesky/cm/cmr8.pfb><C:/Arquivos de programas/MiKTeX 2.7/fonts/type1/blue
sky/cm/cmsy10.pfb><C:/Arquivos de programas/MiKTeX 2.7/fonts/type1/bluesky/cm/c
msy8.pfb><C:/Arquivos de programas/MiKTeX 2.7/fonts/type1/urw/helvetic/uhvb8a.p
fb><C:/Arquivos de programas/MiKTeX 2.7/fonts/type1/urw/times/utmb8a.pfb><C:/Ar
quivos de programas/MiKTeX 2.7/fonts/type1/urw/times/utmr8a.pfb><C:/Arquivos de
 programas/MiKTeX 2.7/fonts/type1/urw/times/utmri8a.pfb>
Output written on dissertation.pdf (32 pages, 259477 bytes).
PDF statistics:
 432 PDF objects out of 1000 (max. 8388607)
 0 named destinations out of 1000 (max. 131072)
 36 words of extra memory for PDF output out of 10000 (max. 10000000)

