This is pdfTeX, Version 3.1415926-1.40.9 (MiKTeX 2.7) (preloaded format=pdflatex 2008.12.18)  5 JAN 2009 15:45
entering extended mode
**D:/kdubezerra/trunk/textos/dissertation/glossario.tex
(D:/kdubezerra/trunk/textos/dissertation/glossario.tex
LaTeX2e <2005/12/01>
Babel <v3.8l> and hyphenation patterns for english, dumylang, nohyphenation, ge
rman, ngerman, german-x-2008-06-18, ngerman-x-2008-06-18, french, loaded.

! LaTeX Error: Environment listofabbrv undefined.

See the LaTeX manual or LaTeX Companion for explanation.
Type  H <return>  for immediate help.
 ...                                              
                                                  
l.1 \begin{listofabbrv}
                       {ISAMadapt}
Your command was ignored.
Type  I <command> <return>  to replace it with another command,
or  <return>  to continue without it.


! LaTeX Error: Missing \begin{document}.

See the LaTeX manual or LaTeX Companion for explanation.
Type  H <return>  for immediate help.
 ...                                              
                                                  
l.1 \begin{listofabbrv}{I
                         SAMadapt}
You're in trouble here.  Try typing  <return>  to proceed.
If that doesn't work, type  X <return>  to quit.

Missing character: There is no I in font nullfont!
Missing character: There is no S in font nullfont!
Missing character: There is no A in font nullfont!
Missing character: There is no M in font nullfont!
Missing character: There is no a in font nullfont!
Missing character: There is no d in font nullfont!
Missing character: There is no a in font nullfont!
Missing character: There is no p in font nullfont!
Missing character: There is no t in font nullfont!

Overfull \hbox (20.0pt too wide) in paragraph at lines 1--2
[] 
 []


! LaTeX Error: Lonely \item--perhaps a missing list environment.

See the LaTeX manual or LaTeX Companion for explanation.
Type  H <return>  for immediate help.
 ...                                              
                                                  
l.2 \item[ADI]
               \textit{Área de Interesse}
Try typing  <return>  to proceed.
If that doesn't work, type  X <return>  to quit.

Missing character: There is no Á in font cmti10!

Overfull \hbox (12.90543pt too wide) in paragraph at lines 2--3
\OT1/cmr/m/it/10 rea
 []


Overfull \hbox (9.71104pt too wide) in paragraph at lines 2--3
\OT1/cmr/m/it/10 de
 []


Overfull \hbox (13.05547pt too wide) in paragraph at lines 2--3
\OT1/cmr/m/it/10 In-
 []


Overfull \hbox (15.71652pt too wide) in paragraph at lines 2--3
\OT1/cmr/m/it/10 ter-
 []


Overfull \hbox (18.12904pt too wide) in paragraph at lines 2--3
\OT1/cmr/m/it/10 esse 
 []


! LaTeX Error: Lonely \item--perhaps a missing list environment.

See the LaTeX manual or LaTeX Companion for explanation.
Type  H <return>  for immediate help.
 ...                                              
                                                  
l.3 \item[API]
               \textit{Application Programming Interface}
Try typing  <return>  to proceed.
If that doesn't work, type  X <return>  to quit.


Overfull \hbox (49.59969pt too wide) in paragraph at lines 3--4
\OT1/cmr/m/it/10 Application
 []


Overfull \hbox (19.17763pt too wide) in paragraph at lines 3--4
\OT1/cmr/m/it/10 Pro-
 []


Overfull \hbox (25.17203pt too wide) in paragraph at lines 3--4
\OT1/cmr/m/it/10 gram-
 []


Overfull \hbox (21.46654pt too wide) in paragraph at lines 3--4
\OT1/cmr/m/it/10 ming
 []


Overfull \hbox (13.05547pt too wide) in paragraph at lines 3--4
\OT1/cmr/m/it/10 In-
 []


Overfull \hbox (15.71652pt too wide) in paragraph at lines 3--4
\OT1/cmr/m/it/10 ter-
 []


Overfull \hbox (17.61792pt too wide) in paragraph at lines 3--4
\OT1/cmr/m/it/10 face 
 []


! LaTeX Error: Lonely \item--perhaps a missing list environment.

See the LaTeX manual or LaTeX Companion for explanation.
Type  H <return>  for immediate help.
 ...                                              
                                                  
l.4 \item[CVE]
               \textit{Collaborative Virtual Environment}
Try typing  <return>  to proceed.
If that doesn't work, type  X <return>  to quit.


Overfull \hbox (56.60513pt too wide) in paragraph at lines 4--5
\OT1/cmr/m/it/10 Collaborative
 []


Overfull \hbox (18.29431pt too wide) in paragraph at lines 4--5
\OT1/cmr/m/it/10 Vir-
 []


Overfull \hbox (16.35545pt too wide) in paragraph at lines 4--5
\OT1/cmr/m/it/10 tual
 []


Overfull \hbox (15.98323pt too wide) in paragraph at lines 4--5
\OT1/cmr/m/it/10 En-
 []


Overfull \hbox (11.24435pt too wide) in paragraph at lines 4--5
\OT1/cmr/m/it/10 vi-
 []


Overfull \hbox (18.01653pt too wide) in paragraph at lines 4--5
\OT1/cmr/m/it/10 ron-
 []


Overfull \hbox (22.67068pt too wide) in paragraph at lines 4--5
\OT1/cmr/m/it/10 ment 
 []


! LaTeX Error: Lonely \item--perhaps a missing list environment.

See the LaTeX manual or LaTeX Companion for explanation.
Type  H <return>  for immediate help.
 ...                                              
                                                  
l.5 \item[CPU]
               \textit{Central Processing Unit}
Try typing  <return>  to proceed.
If that doesn't work, type  X <return>  to quit.


Overfull \hbox (32.07198pt too wide) in paragraph at lines 5--6
\OT1/cmr/m/it/10 Central
 []


Overfull \hbox (19.17763pt too wide) in paragraph at lines 5--6
\OT1/cmr/m/it/10 Pro-
 []


Overfull \hbox (20.44427pt too wide) in paragraph at lines 5--6
\OT1/cmr/m/it/10 cess-
 []


Overfull \hbox (13.2888pt too wide) in paragraph at lines 5--6
\OT1/cmr/m/it/10 ing
 []


Overfull \hbox (20.39293pt too wide) in paragraph at lines 5--6
\OT1/cmr/m/it/10 Unit 
 []


! LaTeX Error: Lonely \item--perhaps a missing list environment.

See the LaTeX manual or LaTeX Companion for explanation.
Type  H <return>  for immediate help.
 ...                                              
                                                  
l.6 \item[DHT]
               \textit{Distributed Hash Table}
Try typing  <return>  to proceed.
If that doesn't work, type  X <return>  to quit.


Overfull \hbox (47.79964pt too wide) in paragraph at lines 6--7
\OT1/cmr/m/it/10 Distributed
 []


Overfull \hbox (21.74432pt too wide) in paragraph at lines 6--7
\OT1/cmr/m/it/10 Hash
 []


Overfull \hbox (15.07767pt too wide) in paragraph at lines 6--7
\OT1/cmr/m/it/10 Ta-
 []


Overfull \hbox (12.50685pt too wide) in paragraph at lines 6--7
\OT1/cmr/m/it/10 ble 
 []


! LaTeX Error: Lonely \item--perhaps a missing list environment.

See the LaTeX manual or LaTeX Companion for explanation.
Type  H <return>  for immediate help.
 ...                                              
                                                  
l.7 \item[DIS]
               \textit{Distributed Interactive Simulation}
Try typing  <return>  to proceed.
If that doesn't work, type  X <return>  to quit.


Overfull \hbox (47.79964pt too wide) in paragraph at lines 7--8
\OT1/cmr/m/it/10 Distributed
 []


Overfull \hbox (13.05547pt too wide) in paragraph at lines 7--8
\OT1/cmr/m/it/10 In-
 []


Overfull \hbox (15.71652pt too wide) in paragraph at lines 7--8
\OT1/cmr/m/it/10 ter-
 []


Overfull \hbox (13.28879pt too wide) in paragraph at lines 7--8
\OT1/cmr/m/it/10 ac-
 []


Overfull \hbox (15.58876pt too wide) in paragraph at lines 7--8
\OT1/cmr/m/it/10 tive
 []


Overfull \hbox (20.44432pt too wide) in paragraph at lines 7--8
\OT1/cmr/m/it/10 Sim-
 []


Overfull \hbox (8.94438pt too wide) in paragraph at lines 7--8
\OT1/cmr/m/it/10 u-
 []


Overfull \hbox (11.24437pt too wide) in paragraph at lines 7--8
\OT1/cmr/m/it/10 la-
 []


Overfull \hbox (17.88925pt too wide) in paragraph at lines 7--8
\OT1/cmr/m/it/10 tion 
 []


! LaTeX Error: Lonely \item--perhaps a missing list environment.

See the LaTeX manual or LaTeX Companion for explanation.
Type  H <return>  for immediate help.
 ...                                              
                                                  
l.8 \item[FPS]
               \textit{First-Person Shooter}
Try typing  <return>  to proceed.
If that doesn't work, type  X <return>  to quit.


Overfull \hbox (24.7998pt too wide) in paragraph at lines 8--9
\OT1/cmr/m/it/10 First-
 []


Overfull \hbox (30.42203pt too wide) in paragraph at lines 8--9
\OT1/cmr/m/it/10 Person
 []


Overfull \hbox (33.65947pt too wide) in paragraph at lines 8--9
\OT1/cmr/m/it/10 Shooter 
 []


! LaTeX Error: Lonely \item--perhaps a missing list environment.

See the LaTeX manual or LaTeX Companion for explanation.
Type  H <return>  for immediate help.
 ...                                              
                                                  
l.9 \item[IP]
              \textit{Internet Protocol}
Try typing  <return>  to proceed.
If that doesn't work, type  X <return>  to quit.


Overfull \hbox (35.16084pt too wide) in paragraph at lines 9--10
\OT1/cmr/m/it/10 Internet
 []


Overfull \hbox (19.17763pt too wide) in paragraph at lines 9--10
\OT1/cmr/m/it/10 Pro-
 []


Overfull \hbox (12.01102pt too wide) in paragraph at lines 9--10
\OT1/cmr/m/it/10 to-
 []


Overfull \hbox (12.7888pt too wide) in paragraph at lines 9--10
\OT1/cmr/m/it/10 col 
 []


! LaTeX Error: Lonely \item--perhaps a missing list environment.

See the LaTeX manual or LaTeX Companion for explanation.
Type  H <return>  for immediate help.
 ...                                              
                                                  
l.10 \item[J2SE]
                 \textit{Java 2 Standard Edition}
Try typing  <return>  to proceed.
If that doesn't work, type  X <return>  to quit.


Overfull \hbox (20.07208pt too wide) in paragraph at lines 10--11
\OT1/cmr/m/it/10 Java
 []


Overfull \hbox (5.11108pt too wide) in paragraph at lines 10--11
\OT1/cmr/m/it/10 2
 []


Overfull \hbox (23.2554pt too wide) in paragraph at lines 10--11
\OT1/cmr/m/it/10 Stan-
 []


Overfull \hbox (19.03876pt too wide) in paragraph at lines 10--11
\OT1/cmr/m/it/10 dard
 []


Overfull \hbox (18.53877pt too wide) in paragraph at lines 10--11
\OT1/cmr/m/it/10 Edi-
 []


Overfull \hbox (17.88925pt too wide) in paragraph at lines 10--11
\OT1/cmr/m/it/10 tion 
 []


! LaTeX Error: Lonely \item--perhaps a missing list environment.

See the LaTeX manual or LaTeX Companion for explanation.
Type  H <return>  for immediate help.
 ...                                              
                                                  
l.11 \item[MMG]
                \textit{Massively Multiplayer Game}
Try typing  <return>  to proceed.
If that doesn't work, type  X <return>  to quit.


Overfull \hbox (41.93306pt too wide) in paragraph at lines 11--12
\OT1/cmr/m/it/10 Massively
 []


Overfull \hbox (20.46654pt too wide) in paragraph at lines 11--12
\OT1/cmr/m/it/10 Mul-
 []


Overfull \hbox (9.96658pt too wide) in paragraph at lines 11--12
\OT1/cmr/m/it/10 ti-
 []


Overfull \hbox (26.44981pt too wide) in paragraph at lines 11--12
\OT1/cmr/m/it/10 player
 []


Overfull \hbox (26.37624pt too wide) in paragraph at lines 11--12
\OT1/cmr/m/it/10 Game 
 []


! LaTeX Error: Lonely \item--perhaps a missing list environment.

See the LaTeX manual or LaTeX Companion for explanation.
Type  H <return>  for immediate help.
 ...                                              
                                                  
l.12 \item[MMOFPS]
                   \textit{Massively Multiplayer Online First-Person Shooter}
Try typing  <return>  to proceed.
If that doesn't work, type  X <return>  to quit.


Overfull \hbox (41.93306pt too wide) in paragraph at lines 12--13
\OT1/cmr/m/it/10 Massively
 []


Overfull \hbox (20.46654pt too wide) in paragraph at lines 12--13
\OT1/cmr/m/it/10 Mul-
 []


Overfull \hbox (9.96658pt too wide) in paragraph at lines 12--13
\OT1/cmr/m/it/10 ti-
 []


Overfull \hbox (26.44981pt too wide) in paragraph at lines 12--13
\OT1/cmr/m/it/10 player
 []


Overfull \hbox (16.86656pt too wide) in paragraph at lines 12--13
\OT1/cmr/m/it/10 On-
 []


Overfull \hbox (15.84435pt too wide) in paragraph at lines 12--13
\OT1/cmr/m/it/10 line
 []


Overfull \hbox (24.7998pt too wide) in paragraph at lines 12--13
\OT1/cmr/m/it/10 First-
 []


Overfull \hbox (30.42203pt too wide) in paragraph at lines 12--13
\OT1/cmr/m/it/10 Person
 []


Overfull \hbox (33.65947pt too wide) in paragraph at lines 12--13
\OT1/cmr/m/it/10 Shooter 
 []


! LaTeX Error: Lonely \item--perhaps a missing list environment.

See the LaTeX manual or LaTeX Companion for explanation.
Type  H <return>  for immediate help.
 ...                                              
                                                  
l.13 \item[MMORPG]
                   \textit{Massively Multiplayer Online Role-Playing Game}
Try typing  <return>  to proceed.
If that doesn't work, type  X <return>  to quit.


Overfull \hbox (41.93306pt too wide) in paragraph at lines 13--14
\OT1/cmr/m/it/10 Massively
 []


Overfull \hbox (20.46654pt too wide) in paragraph at lines 13--14
\OT1/cmr/m/it/10 Mul-
 []


Overfull \hbox (9.96658pt too wide) in paragraph at lines 13--14
\OT1/cmr/m/it/10 ti-
 []


Overfull \hbox (26.44981pt too wide) in paragraph at lines 13--14
\OT1/cmr/m/it/10 player
 []


Overfull \hbox (16.86656pt too wide) in paragraph at lines 13--14
\OT1/cmr/m/it/10 On-
 []


Overfull \hbox (15.84435pt too wide) in paragraph at lines 13--14
\OT1/cmr/m/it/10 line
 []


Overfull \hbox (22.62761pt too wide) in paragraph at lines 13--14
\OT1/cmr/m/it/10 Role-
 []


Overfull \hbox (32.59424pt too wide) in paragraph at lines 13--14
\OT1/cmr/m/it/10 Playing
 []


Overfull \hbox (26.37624pt too wide) in paragraph at lines 13--14
\OT1/cmr/m/it/10 Game 
 []


! LaTeX Error: Lonely \item--perhaps a missing list environment.

See the LaTeX manual or LaTeX Companion for explanation.
Type  H <return>  for immediate help.
 ...                                              
                                                  
l.14 \item[MMORTS]
                   \textit{Massively Multiplayer Online Real-Time Strategy}
Try typing  <return>  to proceed.
If that doesn't work, type  X <return>  to quit.


Overfull \hbox (41.93306pt too wide) in paragraph at lines 14--15
\OT1/cmr/m/it/10 Massively
 []


Overfull \hbox (20.46654pt too wide) in paragraph at lines 14--15
\OT1/cmr/m/it/10 Mul-
 []


Overfull \hbox (9.96658pt too wide) in paragraph at lines 14--15
\OT1/cmr/m/it/10 ti-
 []


Overfull \hbox (26.44981pt too wide) in paragraph at lines 14--15
\OT1/cmr/m/it/10 player
 []


Overfull \hbox (16.86656pt too wide) in paragraph at lines 14--15
\OT1/cmr/m/it/10 On-
 []


Overfull \hbox (15.84435pt too wide) in paragraph at lines 14--15
\OT1/cmr/m/it/10 line
 []


Overfull \hbox (22.11649pt too wide) in paragraph at lines 14--15
\OT1/cmr/m/it/10 Real-
 []


Overfull \hbox (22.99985pt too wide) in paragraph at lines 14--15
\OT1/cmr/m/it/10 Time
 []


Overfull \hbox (24.6609pt too wide) in paragraph at lines 14--15
\OT1/cmr/m/it/10 Strat-
 []


Overfull \hbox (14.42903pt too wide) in paragraph at lines 14--15
\OT1/cmr/m/it/10 egy 
 []


! LaTeX Error: Lonely \item--perhaps a missing list environment.

See the LaTeX manual or LaTeX Companion for explanation.
Type  H <return>  for immediate help.
 ...                                              
                                                  
l.15 \item[NVE]
                \textit{Networked Virtual Environment}
Try typing  <return>  to proceed.
If that doesn't work, type  X <return>  to quit.


Overfull \hbox (45.12744pt too wide) in paragraph at lines 15--16
\OT1/cmr/m/it/10 Networked
 []


Overfull \hbox (18.29431pt too wide) in paragraph at lines 15--16
\OT1/cmr/m/it/10 Vir-
 []


Overfull \hbox (16.35545pt too wide) in paragraph at lines 15--16
\OT1/cmr/m/it/10 tual
 []


Overfull \hbox (15.98323pt too wide) in paragraph at lines 15--16
\OT1/cmr/m/it/10 En-
 []


Overfull \hbox (11.24435pt too wide) in paragraph at lines 15--16
\OT1/cmr/m/it/10 vi-
 []


Overfull \hbox (18.01653pt too wide) in paragraph at lines 15--16
\OT1/cmr/m/it/10 ron-
 []


Overfull \hbox (22.67068pt too wide) in paragraph at lines 15--16
\OT1/cmr/m/it/10 ment 
 []


! LaTeX Error: Lonely \item--perhaps a missing list environment.

See the LaTeX manual or LaTeX Companion for explanation.
Type  H <return>  for immediate help.
 ...                                              
                                                  
l.16 \item[RTP]
                \textit{Real-time Transport Protocol}
Try typing  <return>  to proceed.
If that doesn't work, type  X <return>  to quit.


Overfull \hbox (22.11649pt too wide) in paragraph at lines 16--17
\OT1/cmr/m/it/10 Real-
 []


Overfull \hbox (19.16653pt too wide) in paragraph at lines 16--17
\OT1/cmr/m/it/10 time
 []


Overfull \hbox (28.49423pt too wide) in paragraph at lines 16--17
\OT1/cmr/m/it/10 Trans-
 []


Overfull \hbox (17.24986pt too wide) in paragraph at lines 16--17
\OT1/cmr/m/it/10 port
 []


Overfull \hbox (19.17763pt too wide) in paragraph at lines 16--17
\OT1/cmr/m/it/10 Pro-
 []


Overfull \hbox (12.01102pt too wide) in paragraph at lines 16--17
\OT1/cmr/m/it/10 to-
 []


Overfull \hbox (12.7888pt too wide) in paragraph at lines 16--17
\OT1/cmr/m/it/10 col 
 []


! LaTeX Error: Lonely \item--perhaps a missing list environment.

See the LaTeX manual or LaTeX Companion for explanation.
Type  H <return>  for immediate help.
 ...                                              
                                                  
l.17 \item[RTS]
                \textit{Real-Time Strategy}
Try typing  <return>  to proceed.
If that doesn't work, type  X <return>  to quit.


Overfull \hbox (22.11649pt too wide) in paragraph at lines 17--18
\OT1/cmr/m/it/10 Real-
 []


Overfull \hbox (22.99985pt too wide) in paragraph at lines 17--18
\OT1/cmr/m/it/10 Time
 []


Overfull \hbox (24.6609pt too wide) in paragraph at lines 17--18
\OT1/cmr/m/it/10 Strat-
 []


Overfull \hbox (14.42903pt too wide) in paragraph at lines 17--18
\OT1/cmr/m/it/10 egy 
 []


! LaTeX Error: Lonely \item--perhaps a missing list environment.

See the LaTeX manual or LaTeX Companion for explanation.
Type  H <return>  for immediate help.
 ...                                              
                                                  
l.18 \item[TCP]
                \textit{Transmission Control Protocol}
Try typing  <return>  to proceed.
If that doesn't work, type  X <return>  to quit.


Overfull \hbox (58.13853pt too wide) in paragraph at lines 18--19
\OT1/cmr/m/it/10 Transmission
 []


Overfull \hbox (21.46652pt too wide) in paragraph at lines 18--19
\OT1/cmr/m/it/10 Con-
 []


Overfull \hbox (14.69432pt too wide) in paragraph at lines 18--19
\OT1/cmr/m/it/10 trol
 []


Overfull \hbox (19.17763pt too wide) in paragraph at lines 18--19
\OT1/cmr/m/it/10 Pro-
 []


Overfull \hbox (12.01102pt too wide) in paragraph at lines 18--19
\OT1/cmr/m/it/10 to-
 []


Overfull \hbox (12.7888pt too wide) in paragraph at lines 18--19
\OT1/cmr/m/it/10 col 
 []


! LaTeX Error: Lonely \item--perhaps a missing list environment.

See the LaTeX manual or LaTeX Companion for explanation.
Type  H <return>  for immediate help.
 ...                                              
                                                  
l.19 \item[TSS]
                \textit{Trailing State Synchronization}
Try typing  <return>  to proceed.
If that doesn't work, type  X <return>  to quit.


Overfull \hbox (34.11642pt too wide) in paragraph at lines 19--20
\OT1/cmr/m/it/10 Trailing
 []


Overfull \hbox (21.97762pt too wide) in paragraph at lines 19--20
\OT1/cmr/m/it/10 State
 []


Overfull \hbox (19.67764pt too wide) in paragraph at lines 19--20
\OT1/cmr/m/it/10 Syn-
 []


Overfull \hbox (22.10538pt too wide) in paragraph at lines 19--20
\OT1/cmr/m/it/10 chro-
 []


Overfull \hbox (21.46654pt too wide) in paragraph at lines 19--20
\OT1/cmr/m/it/10 niza-
 []


Overfull \hbox (17.88925pt too wide) in paragraph at lines 19--20
\OT1/cmr/m/it/10 tion 
 []


! LaTeX Error: Lonely \item--perhaps a missing list environment.

See the LaTeX manual or LaTeX Companion for explanation.
Type  H <return>  for immediate help.
 ...                                              
                                                  
l.20 \item[UDP]
                \textit{Unreliable Datagram Protocol}
Try typing  <return>  to proceed.
If that doesn't work, type  X <return>  to quit.


Overfull \hbox (43.84969pt too wide) in paragraph at lines 20--21
\OT1/cmr/m/it/10 Unreliable
 []


Overfull \hbox (24.67204pt too wide) in paragraph at lines 20--21
\OT1/cmr/m/it/10 Data-
 []


Overfull \hbox (21.59428pt too wide) in paragraph at lines 20--21
\OT1/cmr/m/it/10 gram
 []


Overfull \hbox (19.17763pt too wide) in paragraph at lines 20--21
\OT1/cmr/m/it/10 Pro-
 []


Overfull \hbox (12.01102pt too wide) in paragraph at lines 20--21
\OT1/cmr/m/it/10 to-
 []


Overfull \hbox (12.7888pt too wide) in paragraph at lines 20--21
\OT1/cmr/m/it/10 col 
 []


! LaTeX Error: Lonely \item--perhaps a missing list environment.

See the LaTeX manual or LaTeX Companion for explanation.
Type  H <return>  for immediate help.
 ...                                              
                                                  
l.21 \item[URL]
                \textit{Uniform Resource Locator}
Try typing  <return>  to proceed.
If that doesn't work, type  X <return>  to quit.


! LaTeX Error: \begin{document} ended by \end{listofabbrv}.

See the LaTeX manual or LaTeX Companion for explanation.
Type  H <return>  for immediate help.
 ...                                              
                                                  
l.22 \end{listofabbrv}
                      
Your command was ignored.
Type  I <command> <return>  to replace it with another command,
or  <return>  to continue without it.


Overfull \hbox (36.69423pt too wide) in paragraph at lines 21--23
\OT1/cmr/m/it/10 Uniform
 []


Overfull \hbox (14.96098pt too wide) in paragraph at lines 21--23
\OT1/cmr/m/it/10 Re-
 []


Overfull \hbox (26.96089pt too wide) in paragraph at lines 21--23
\OT1/cmr/m/it/10 source
 []


Overfull \hbox (14.44987pt too wide) in paragraph at lines 21--23
\OT1/cmr/m/it/10 Lo-
 []


Overfull \hbox (12.77766pt too wide) in paragraph at lines 21--23
\OT1/cmr/m/it/10 ca-
 []


Overfull \hbox (12.6499pt too wide) in paragraph at lines 21--23
\OT1/cmr/m/it/10 tor
 []

)
! Emergency stop.
<*> ...rra/trunk/textos/dissertation/glossario.tex
                                                  
*** (job aborted, no legal \end found)

 
Here is how much of TeX's memory you used:
 12 strings out of 95304
 266 string characters out of 1182723
 50021 words of memory out of 1500000
 3310 multiletter control sequences out of 110000
 3986 words of font info for 15 fonts, out of 1200000 for 2000
 14 hyphenation exceptions out of 8191
 13i,1n,10p,144b,81s stack positions out of 5000i,500n,10000p,200000b,5000s
!  ==> Fatal error occurred, no output PDF file produced!
